2026-02-18 21:22:21,080 [main] INFO  dev.mendo.Main                           - iniciando aplicacion
2026-02-18 21:24:43,318 [main] INFO  dev.mendo.Main                           - iniciando aplicacion
2026-02-18 21:26:00,865 [main] INFO  dev.mendo.Main                           - iniciando aplicacion
2026-02-18 21:26:01,101 [main] INFO  org.hibernate.jpa.internal.util.LogHelper - HHH000204: Processing PersistenceUnitInfo [name: PersistenciaPeliculas]
2026-02-18 21:26:01,272 [main] INFO  org.hibernate.Version                    - HHH000412: Hibernate ORM core version 6.4.4.Final
2026-02-18 21:26:01,359 [main] INFO  o.hibernate.cache.internal.RegionFactoryInitiator - HHH000026: Second-level cache disabled
2026-02-18 21:26:01,853 [main] INFO  org.hibernate.orm.connections.pooling.c3p0 - HHH010002: C3P0 using driver: com.mysql.cj.jdbc.Driver at URL: jdbc:mysql://localhost:3306/peliculas_orm_2425
2026-02-18 21:26:01,854 [main] INFO  org.hibernate.orm.connections.pooling.c3p0 - HHH10001001: Connection properties: {password=****, autocommit=false, user=root}
2026-02-18 21:26:01,854 [main] INFO  org.hibernate.orm.connections.pooling.c3p0 - HHH10001003: Autocommit mode: false
2026-02-18 21:26:01,904 [MLog-Init-Reporter] INFO  com.mchange.v2.log.MLog                  - MLog clients using slf4j logging.
2026-02-18 21:26:02,323 [main] INFO  com.mchange.v2.c3p0.C3P0Registry         - Initializing c3p0-0.9.5.5 [built 11-December-2019 22:18:33 -0800; debug? true; trace: 10]
2026-02-18 21:26:02,379 [main] INFO  org.hibernate.orm.connections.pooling.c3p0 - HHH10001007: JDBC isolation level: REPEATABLE_READ
2026-02-18 21:26:02,430 [main] INFO  c.m.v2.c3p0.impl.AbstractPoolBackedDataSource - Initializing c3p0 pool... com.mchange.v2.c3p0.PoolBackedDataSource@beba1e5c [ connectionPoolDataSource -> com.mchange.v2.c3p0.WrapperConnectionPoolDataSource@ebe55907 [ acquireIncrement -> 3, acquireRetryAttempts -> 30, acquireRetryDelay -> 1000, autoCommitOnClose -> false, automaticTestTable -> null, breakAfterAcquireFailure -> false, checkoutTimeout -> 0, connectionCustomizerClassName -> null, connectionTesterClassName -> com.mchange.v2.c3p0.impl.DefaultConnectionTester, contextClassLoaderSource -> caller, debugUnreturnedConnectionStackTraces -> false, factoryClassLocation -> null, forceIgnoreUnresolvedTransactions -> false, forceSynchronousCheckins -> false, identityToken -> 1hge16abgvr0qy8yxl2l8|3f23a3a0, idleConnectionTestPeriod -> 0, initialPoolSize -> 2, maxAdministrativeTaskTime -> 0, maxConnectionAge -> 0, maxIdleTime -> 300, maxIdleTimeExcessConnections -> 0, maxPoolSize -> 20, maxStatements -> 50, maxStatementsPerConnection -> 0, minPoolSize -> 2, nestedDataSource -> com.mchange.v2.c3p0.DriverManagerDataSource@9d88e018 [ description -> null, driverClass -> null, factoryClassLocation -> null, forceUseNamedDriverClass -> false, identityToken -> 1hge16abgvr0qy8yxl2l8|4da602fc, jdbcUrl -> jdbc:mysql://localhost:3306/peliculas_orm_2425, properties -> {password=******, autocommit=false, user=******} ], preferredTestQuery -> null, privilegeSpawnedThreads -> false, propertyCycle -> 0, statementCacheNumDeferredCloseThreads -> 0, testConnectionOnCheckin -> false, testConnectionOnCheckout -> false, unreturnedConnectionTimeout -> 0, usesTraditionalReflectiveProxies -> false; userOverrides: {} ], dataSourceName -> null, extensions -> {}, factoryClassLocation -> null, identityToken -> 1hge16abgvr0qy8yxl2l8|22c86919, numHelperThreads -> 3 ]
2026-02-18 21:26:33,957 [C3P0PooledConnectionPoolManager[identityToken->1hge16abgvr0qy8yxl2l8|22c86919]-HelperThread-#1] WARN  com.mchange.v2.resourcepool.BasicResourcePool - com.mchange.v2.resourcepool.BasicResourcePool$ScatteredAcquireTask@2e29ef4 -- Acquisition Attempt Failed!!! Clearing pending acquires. While trying to acquire a needed new resource, we failed to succeed more than the maximum number of allowed acquisition attempts (30). Last acquisition attempt exception: 
java.sql.SQLSyntaxErrorException: Unknown database 'peliculas_orm_2425'
	at com.mysql.cj.jdbc.exceptions.SQLError.createSQLException(SQLError.java:121)
	at com.mysql.cj.jdbc.exceptions.SQLExceptionsMapping.translateException(SQLExceptionsMapping.java:122)
	at com.mysql.cj.jdbc.ConnectionImpl.createNewIO(ConnectionImpl.java:825)
	at com.mysql.cj.jdbc.ConnectionImpl.<init>(ConnectionImpl.java:446)
	at com.mysql.cj.jdbc.ConnectionImpl.getInstance(ConnectionImpl.java:239)
	at com.mysql.cj.jdbc.NonRegisteringDriver.connect(NonRegisteringDriver.java:188)
	at com.mchange.v2.c3p0.DriverManagerDataSource.getConnection(DriverManagerDataSource.java:175)
	at com.mchange.v2.c3p0.WrapperConnectionPoolDataSource.getPooledConnection(WrapperConnectionPoolDataSource.java:220)
	at com.mchange.v2.c3p0.WrapperConnectionPoolDataSource.getPooledConnection(WrapperConnectionPoolDataSource.java:206)
	at com.mchange.v2.c3p0.impl.C3P0PooledConnectionPool$1PooledConnectionResourcePoolManager.acquireResource(C3P0PooledConnectionPool.java:203)
	at com.mchange.v2.resourcepool.BasicResourcePool.doAcquire(BasicResourcePool.java:1176)
	at com.mchange.v2.resourcepool.BasicResourcePool.doAcquireAndDecrementPendingAcquiresWithinLockOnSuccess(BasicResourcePool.java:1163)
	at com.mchange.v2.resourcepool.BasicResourcePool.access$700(BasicResourcePool.java:44)
	at com.mchange.v2.resourcepool.BasicResourcePool$ScatteredAcquireTask.run(BasicResourcePool.java:1908)
	at com.mchange.v2.async.ThreadPoolAsynchronousRunner$PoolThread.run(ThreadPoolAsynchronousRunner.java:696)
2026-02-18 21:26:33,957 [C3P0PooledConnectionPoolManager[identityToken->1hge16abgvr0qy8yxl2l8|22c86919]-HelperThread-#0] WARN  com.mchange.v2.resourcepool.BasicResourcePool - com.mchange.v2.resourcepool.BasicResourcePool$ScatteredAcquireTask@357a717a -- Acquisition Attempt Failed!!! Clearing pending acquires. While trying to acquire a needed new resource, we failed to succeed more than the maximum number of allowed acquisition attempts (30). Last acquisition attempt exception: 
java.sql.SQLSyntaxErrorException: Unknown database 'peliculas_orm_2425'
	at com.mysql.cj.jdbc.exceptions.SQLError.createSQLException(SQLError.java:121)
	at com.mysql.cj.jdbc.exceptions.SQLExceptionsMapping.translateException(SQLExceptionsMapping.java:122)
	at com.mysql.cj.jdbc.ConnectionImpl.createNewIO(ConnectionImpl.java:825)
	at com.mysql.cj.jdbc.ConnectionImpl.<init>(ConnectionImpl.java:446)
	at com.mysql.cj.jdbc.ConnectionImpl.getInstance(ConnectionImpl.java:239)
	at com.mysql.cj.jdbc.NonRegisteringDriver.connect(NonRegisteringDriver.java:188)
	at com.mchange.v2.c3p0.DriverManagerDataSource.getConnection(DriverManagerDataSource.java:175)
	at com.mchange.v2.c3p0.WrapperConnectionPoolDataSource.getPooledConnection(WrapperConnectionPoolDataSource.java:220)
	at com.mchange.v2.c3p0.WrapperConnectionPoolDataSource.getPooledConnection(WrapperConnectionPoolDataSource.java:206)
	at com.mchange.v2.c3p0.impl.C3P0PooledConnectionPool$1PooledConnectionResourcePoolManager.acquireResource(C3P0PooledConnectionPool.java:203)
	at com.mchange.v2.resourcepool.BasicResourcePool.doAcquire(BasicResourcePool.java:1176)
	at com.mchange.v2.resourcepool.BasicResourcePool.doAcquireAndDecrementPendingAcquiresWithinLockOnSuccess(BasicResourcePool.java:1163)
	at com.mchange.v2.resourcepool.BasicResourcePool.access$700(BasicResourcePool.java:44)
	at com.mchange.v2.resourcepool.BasicResourcePool$ScatteredAcquireTask.run(BasicResourcePool.java:1908)
	at com.mchange.v2.async.ThreadPoolAsynchronousRunner$PoolThread.run(ThreadPoolAsynchronousRunner.java:696)
2026-02-18 21:26:33,963 [C3P0PooledConnectionPoolManager[identityToken->1hge16abgvr0qy8yxl2l8|22c86919]-HelperThread-#1] WARN  com.mchange.v2.resourcepool.BasicResourcePool - Having failed to acquire a resource, com.mchange.v2.resourcepool.BasicResourcePool@372b0d86 is interrupting all Threads waiting on a resource to check out. Will try again in response to new client requests.
2026-02-18 21:26:33,965 [C3P0PooledConnectionPoolManager[identityToken->1hge16abgvr0qy8yxl2l8|22c86919]-HelperThread-#0] WARN  com.mchange.v2.resourcepool.BasicResourcePool - Having failed to acquire a resource, com.mchange.v2.resourcepool.BasicResourcePool@372b0d86 is interrupting all Threads waiting on a resource to check out. Will try again in response to new client requests.
2026-02-18 21:26:34,018 [main] WARN  o.h.e.jdbc.env.internal.JdbcEnvironmentInitiator - HHH000342: Could not obtain connection to query metadata
java.lang.NullPointerException: Cannot invoke "org.hibernate.engine.jdbc.spi.SqlExceptionHelper.convert(java.sql.SQLException, String)" because the return value of "org.hibernate.resource.transaction.backend.jdbc.internal.JdbcIsolationDelegate.sqlExceptionHelper()" is null
	at org.hibernate.resource.transaction.backend.jdbc.internal.JdbcIsolationDelegate.delegateWork(JdbcIsolationDelegate.java:116)
	at org.hibernate.engine.jdbc.env.internal.JdbcEnvironmentInitiator.getJdbcEnvironmentUsingJdbcMetadata(JdbcEnvironmentInitiator.java:276)
	at org.hibernate.engine.jdbc.env.internal.JdbcEnvironmentInitiator.initiateService(JdbcEnvironmentInitiator.java:107)
	at org.hibernate.engine.jdbc.env.internal.JdbcEnvironmentInitiator.initiateService(JdbcEnvironmentInitiator.java:68)
	at org.hibernate.boot.registry.internal.StandardServiceRegistryImpl.initiateService(StandardServiceRegistryImpl.java:130)
	at org.hibernate.service.internal.AbstractServiceRegistryImpl.createService(AbstractServiceRegistryImpl.java:263)
	at org.hibernate.service.internal.AbstractServiceRegistryImpl.initializeService(AbstractServiceRegistryImpl.java:238)
	at org.hibernate.service.internal.AbstractServiceRegistryImpl.getService(AbstractServiceRegistryImpl.java:215)
	at org.hibernate.boot.model.relational.Database.<init>(Database.java:45)
	at org.hibernate.boot.internal.InFlightMetadataCollectorImpl.getDatabase(InFlightMetadataCollectorImpl.java:223)
	at org.hibernate.boot.internal.InFlightMetadataCollectorImpl.<init>(InFlightMetadataCollectorImpl.java:191)
	at org.hibernate.boot.model.process.spi.MetadataBuildingProcess.complete(MetadataBuildingProcess.java:170)
	at org.hibernate.jpa.boot.internal.EntityManagerFactoryBuilderImpl.metadata(EntityManagerFactoryBuilderImpl.java:1432)
	at org.hibernate.jpa.boot.internal.EntityManagerFactoryBuilderImpl.build(EntityManagerFactoryBuilderImpl.java:1503)
	at org.hibernate.jpa.HibernatePersistenceProvider.createEntityManagerFactory(HibernatePersistenceProvider.java:55)
	at jakarta.persistence.Persistence.createEntityManagerFactory(Persistence.java:80)
	at jakarta.persistence.Persistence.createEntityManagerFactory(Persistence.java:55)
	at dev.mendo.util.JPAUtil.<clinit>(JPAUtil.java:19)
	at dev.mendo.servicio.AlumnoService.añadirAlumno(AlumnoService.java:17)
	at dev.mendo.Main.main(Main.java:15)
2026-02-18 21:28:28,017 [main] INFO  dev.mendo.Main                           - iniciando aplicacion
2026-02-18 21:28:28,215 [main] INFO  org.hibernate.jpa.internal.util.LogHelper - HHH000204: Processing PersistenceUnitInfo [name: PersistenciaPeliculas]
2026-02-18 21:28:28,316 [main] INFO  org.hibernate.Version                    - HHH000412: Hibernate ORM core version 6.4.4.Final
2026-02-18 21:28:28,381 [main] INFO  o.hibernate.cache.internal.RegionFactoryInitiator - HHH000026: Second-level cache disabled
2026-02-18 21:28:28,702 [main] INFO  org.hibernate.orm.connections.pooling.c3p0 - HHH010002: C3P0 using driver: com.mysql.cj.jdbc.Driver at URL: jdbc:mysql://localhost:3306/peliculas_orm_2425
2026-02-18 21:28:28,703 [main] INFO  org.hibernate.orm.connections.pooling.c3p0 - HHH10001001: Connection properties: {password=****, autocommit=false, user=root}
2026-02-18 21:28:28,703 [main] INFO  org.hibernate.orm.connections.pooling.c3p0 - HHH10001003: Autocommit mode: false
2026-02-18 21:28:28,737 [MLog-Init-Reporter] INFO  com.mchange.v2.log.MLog                  - MLog clients using slf4j logging.
2026-02-18 21:28:28,993 [main] INFO  com.mchange.v2.c3p0.C3P0Registry         - Initializing c3p0-0.9.5.5 [built 11-December-2019 22:18:33 -0800; debug? true; trace: 10]
2026-02-18 21:28:29,051 [main] INFO  org.hibernate.orm.connections.pooling.c3p0 - HHH10001007: JDBC isolation level: REPEATABLE_READ
2026-02-18 21:28:29,094 [main] INFO  c.m.v2.c3p0.impl.AbstractPoolBackedDataSource - Initializing c3p0 pool... com.mchange.v2.c3p0.PoolBackedDataSource@acd65a72 [ connectionPoolDataSource -> com.mchange.v2.c3p0.WrapperConnectionPoolDataSource@da01951d [ acquireIncrement -> 3, acquireRetryAttempts -> 30, acquireRetryDelay -> 1000, autoCommitOnClose -> false, automaticTestTable -> null, breakAfterAcquireFailure -> false, checkoutTimeout -> 0, connectionCustomizerClassName -> null, connectionTesterClassName -> com.mchange.v2.c3p0.impl.DefaultConnectionTester, contextClassLoaderSource -> caller, debugUnreturnedConnectionStackTraces -> false, factoryClassLocation -> null, forceIgnoreUnresolvedTransactions -> false, forceSynchronousCheckins -> false, identityToken -> 1hge16abgvr3w8o1qelke3|3f23a3a0, idleConnectionTestPeriod -> 0, initialPoolSize -> 2, maxAdministrativeTaskTime -> 0, maxConnectionAge -> 0, maxIdleTime -> 300, maxIdleTimeExcessConnections -> 0, maxPoolSize -> 20, maxStatements -> 50, maxStatementsPerConnection -> 0, minPoolSize -> 2, nestedDataSource -> com.mchange.v2.c3p0.DriverManagerDataSource@8ba51c2e [ description -> null, driverClass -> null, factoryClassLocation -> null, forceUseNamedDriverClass -> false, identityToken -> 1hge16abgvr3w8o1qelke3|4da602fc, jdbcUrl -> jdbc:mysql://localhost:3306/peliculas_orm_2425, properties -> {password=******, autocommit=false, user=******} ], preferredTestQuery -> null, privilegeSpawnedThreads -> false, propertyCycle -> 0, statementCacheNumDeferredCloseThreads -> 0, testConnectionOnCheckin -> false, testConnectionOnCheckout -> false, unreturnedConnectionTimeout -> 0, usesTraditionalReflectiveProxies -> false; userOverrides: {} ], dataSourceName -> null, extensions -> {}, factoryClassLocation -> null, identityToken -> 1hge16abgvr3w8o1qelke3|22c86919, numHelperThreads -> 3 ]
2026-02-18 21:31:42,271 [main] INFO  dev.mendo.Main                           - iniciando aplicacion
2026-02-18 21:31:42,483 [main] INFO  org.hibernate.jpa.internal.util.LogHelper - HHH000204: Processing PersistenceUnitInfo [name: PersistenciaPeliculas]
2026-02-18 21:31:42,570 [main] INFO  org.hibernate.Version                    - HHH000412: Hibernate ORM core version 6.4.4.Final
2026-02-18 21:31:42,639 [main] INFO  o.hibernate.cache.internal.RegionFactoryInitiator - HHH000026: Second-level cache disabled
2026-02-18 21:31:43,001 [main] INFO  org.hibernate.orm.connections.pooling.c3p0 - HHH010002: C3P0 using driver: com.mysql.cj.jdbc.Driver at URL: jdbc:mysql://localhost:3306/peliculas_orm_2425
2026-02-18 21:31:43,003 [main] INFO  org.hibernate.orm.connections.pooling.c3p0 - HHH10001001: Connection properties: {password=****, autocommit=false, user=root}
2026-02-18 21:31:43,003 [main] INFO  org.hibernate.orm.connections.pooling.c3p0 - HHH10001003: Autocommit mode: false
2026-02-18 21:31:43,036 [MLog-Init-Reporter] INFO  com.mchange.v2.log.MLog                  - MLog clients using slf4j logging.
2026-02-18 21:31:43,287 [main] INFO  com.mchange.v2.c3p0.C3P0Registry         - Initializing c3p0-0.9.5.5 [built 11-December-2019 22:18:33 -0800; debug? true; trace: 10]
2026-02-18 21:31:43,341 [main] INFO  org.hibernate.orm.connections.pooling.c3p0 - HHH10001007: JDBC isolation level: REPEATABLE_READ
2026-02-18 21:31:43,381 [main] INFO  c.m.v2.c3p0.impl.AbstractPoolBackedDataSource - Initializing c3p0 pool... com.mchange.v2.c3p0.PoolBackedDataSource@b90123c5 [ connectionPoolDataSource -> com.mchange.v2.c3p0.WrapperConnectionPoolDataSource@723e32b0 [ acquireIncrement -> 3, acquireRetryAttempts -> 30, acquireRetryDelay -> 1000, autoCommitOnClose -> false, automaticTestTable -> null, breakAfterAcquireFailure -> false, checkoutTimeout -> 0, connectionCustomizerClassName -> null, connectionTesterClassName -> com.mchange.v2.c3p0.impl.DefaultConnectionTester, contextClassLoaderSource -> caller, debugUnreturnedConnectionStackTraces -> false, factoryClassLocation -> null, forceIgnoreUnresolvedTransactions -> false, forceSynchronousCheckins -> false, identityToken -> 1hge16abgvr825s1rlxsrz|5ab14cb9, idleConnectionTestPeriod -> 0, initialPoolSize -> 2, maxAdministrativeTaskTime -> 0, maxConnectionAge -> 0, maxIdleTime -> 300, maxIdleTimeExcessConnections -> 0, maxPoolSize -> 20, maxStatements -> 50, maxStatementsPerConnection -> 0, minPoolSize -> 2, nestedDataSource -> com.mchange.v2.c3p0.DriverManagerDataSource@eebfa69f [ description -> null, driverClass -> null, factoryClassLocation -> null, forceUseNamedDriverClass -> false, identityToken -> 1hge16abgvr825s1rlxsrz|2a8d39c4, jdbcUrl -> jdbc:mysql://localhost:3306/peliculas_orm_2425, properties -> {password=******, autocommit=false, user=******} ], preferredTestQuery -> null, privilegeSpawnedThreads -> false, propertyCycle -> 0, statementCacheNumDeferredCloseThreads -> 0, testConnectionOnCheckin -> false, testConnectionOnCheckout -> false, unreturnedConnectionTimeout -> 0, usesTraditionalReflectiveProxies -> false; userOverrides: {} ], dataSourceName -> null, extensions -> {}, factoryClassLocation -> null, identityToken -> 1hge16abgvr825s1rlxsrz|70fab835, numHelperThreads -> 3 ]
