2026-01-14 09:17:30,668 [main] DEBUG org.jboss.logging                        - Logging Provider: org.jboss.logging.Slf4jLoggerProvider
2026-01-14 09:17:31,111 [main] INFO  org.hibernate.orm.jpa                    - HHH008540: Processing PersistenceUnitInfo [name: PersistenciaInstituto]
2026-01-14 09:17:31,158 [main] INFO  org.hibernate.orm.core                   - HHH000001: Hibernate ORM core version 7.2.0.Final
2026-01-14 09:17:32,910 [main] INFO  org.hibernate.orm.connections.pooling    - HHH10001005: Database info:
	Database JDBC URL [jdbc:h2:./data/instituto;AUTO_SERVER=TRUE]
	Database driver: H2 JDBC Driver
	Database dialect: H2Dialect
	Database version: 2.4.240
	Default catalog/schema: INSTITUTO/PUBLIC
	Autocommit mode: true
	Isolation level: READ_COMMITTED
	JDBC fetch size: 100
	Pool: HikariCPConnectionProvider
	Minimum pool size: 2
	Maximum pool size: 5
2026-01-14 09:17:33,865 [main] INFO  org.hibernate.orm.core                   - HHH000489: No JTA platform available (set 'hibernate.transaction.jta.platform' to enable JTA platform integration)
2026-01-14 09:17:33,920 [main] DEBUG org.hibernate.SQL                        - 
    [34mcreate[0m [34mtable[0m instituto.alumno (
        id [34mbigint[0m generated [34mby[0m [34mdefault[0m [34mas[0m [34midentity[0m,
        email [34mvarchar[0m(255),
        nombre [34mvarchar[0m(255) [34mnot[0m [34mnull[0m,
        [34mprimary[0m [34mkey[0m (id)
    )
2026-01-14 09:17:33,928 [main] WARN  o.h.t.schema.internal.ExceptionHandlerLoggedImpl - GenerationTarget encountered exception accepting command : Error executing DDL "
    create table instituto.alumno (
        id bigint generated by default as identity,
        email varchar(255),
        nombre varchar(255) not null,
        primary key (id)
    )" via JDBC [Schema "INSTITUTO" no encontrado
Schema "INSTITUTO" not found;]
org.hibernate.tool.schema.spi.CommandAcceptanceException: Error executing DDL "
    create table instituto.alumno (
        id bigint generated by default as identity,
        email varchar(255),
        nombre varchar(255) not null,
        primary key (id)
    )" via JDBC [Schema "INSTITUTO" no encontrado
Schema "INSTITUTO" not found;]
	at org.hibernate.tool.schema.internal.exec.GenerationTargetToDatabase.accept(GenerationTargetToDatabase.java:81)
	at org.hibernate.tool.schema.internal.AbstractSchemaMigrator.applySqlString(AbstractSchemaMigrator.java:566)
	at org.hibernate.tool.schema.internal.AbstractSchemaMigrator.applySqlStrings(AbstractSchemaMigrator.java:506)
	at org.hibernate.tool.schema.internal.AbstractSchemaMigrator.createTable(AbstractSchemaMigrator.java:305)
	at org.hibernate.tool.schema.internal.GroupedSchemaMigratorImpl.performTablesMigration(GroupedSchemaMigratorImpl.java:80)
	at org.hibernate.tool.schema.internal.AbstractSchemaMigrator.performMigration(AbstractSchemaMigrator.java:220)
	at org.hibernate.tool.schema.internal.AbstractSchemaMigrator.doMigration(AbstractSchemaMigrator.java:96)
	at org.hibernate.tool.schema.spi.SchemaManagementToolCoordinator.performDatabaseAction(SchemaManagementToolCoordinator.java:269)
	at org.hibernate.tool.schema.spi.SchemaManagementToolCoordinator.lambda$process$1(SchemaManagementToolCoordinator.java:101)
	at java.base/java.util.HashMap.forEach(HashMap.java:1429)
	at org.hibernate.tool.schema.spi.SchemaManagementToolCoordinator.process(SchemaManagementToolCoordinator.java:100)
	at org.hibernate.boot.internal.SessionFactoryObserverForSchemaExport.sessionFactoryCreated(SessionFactoryObserverForSchemaExport.java:35)
	at org.hibernate.internal.SessionFactoryObserverChain.sessionFactoryCreated(SessionFactoryObserverChain.java:33)
	at org.hibernate.internal.SessionFactoryImpl.<init>(SessionFactoryImpl.java:323)
	at org.hibernate.internal.SessionFactoryRegistry.instantiateSessionFactory(SessionFactoryRegistry.java:64)
	at org.hibernate.boot.internal.SessionFactoryBuilderImpl.build(SessionFactoryBuilderImpl.java:437)
	at org.hibernate.jpa.boot.internal.EntityManagerFactoryBuilderImpl.build(EntityManagerFactoryBuilderImpl.java:1456)
	at org.hibernate.jpa.HibernatePersistenceProvider.createEntityManagerFactory(HibernatePersistenceProvider.java:57)
	at jakarta.persistence.Persistence.createEntityManagerFactory(Persistence.java:90)
	at jakarta.persistence.Persistence.createEntityManagerFactory(Persistence.java:66)
	at dev.mendo.Main.<clinit>(Main.java:15)
Caused by: org.h2.jdbc.JdbcSQLSyntaxErrorException: Schema "INSTITUTO" no encontrado
Schema "INSTITUTO" not found; SQL statement:

    create table instituto.alumno (
        id bigint generated by default as identity,
        email varchar(255),
        nombre varchar(255) not null,
        primary key (id)
    ) [90079-240]
	at org.h2.message.DbException.getJdbcSQLException(DbException.java:644)
	at org.h2.message.DbException.getJdbcSQLException(DbException.java:489)
	at org.h2.message.DbException.get(DbException.java:223)
	at org.h2.message.DbException.get(DbException.java:199)
	at org.h2.command.Parser.getSchema(Parser.java:926)
	at org.h2.command.Parser.getSchema(Parser.java:932)
	at org.h2.command.Parser.parseCreateTable(Parser.java:8915)
	at org.h2.command.Parser.parseCreate(Parser.java:6483)
	at org.h2.command.Parser.parsePrepared(Parser.java:648)
	at org.h2.command.Parser.parse(Parser.java:584)
	at org.h2.command.Parser.parse(Parser.java:559)
	at org.h2.command.Parser.prepareCommand(Parser.java:487)
	at org.h2.engine.SessionLocal.prepareLocal(SessionLocal.java:647)
	at org.h2.engine.SessionLocal.prepareCommand(SessionLocal.java:563)
	at org.h2.jdbc.JdbcConnection.prepareCommand(JdbcConnection.java:1160)
	at org.h2.jdbc.JdbcStatement.executeInternal(JdbcStatement.java:245)
	at org.h2.jdbc.JdbcStatement.execute(JdbcStatement.java:231)
	at com.zaxxer.hikari.pool.ProxyStatement.execute(ProxyStatement.java:95)
	at com.zaxxer.hikari.pool.HikariProxyStatement.execute(HikariProxyStatement.java)
	at org.hibernate.tool.schema.internal.exec.GenerationTargetToDatabase.accept(GenerationTargetToDatabase.java:76)
	... 20 common frames omitted
2026-01-14 09:17:33,933 [main] DEBUG org.hibernate.SQL                        - 
    [34malter[0m [34mtable[0m [34mif[0m [34mexists[0m instituto.alumno 
       [34mdrop[0m [34mconstraint[0m [34mif[0m [34mexists[0m UKdlqu0nadbeiwn48uty3rus51y
2026-01-14 09:17:33,936 [main] DEBUG org.hibernate.SQL                        - 
    [34malter[0m [34mtable[0m [34mif[0m [34mexists[0m instituto.alumno 
       [34madd[0m [34mconstraint[0m UKdlqu0nadbeiwn48uty3rus51y [34munique[0m (email)
2026-01-14 09:17:34,007 [main] DEBUG org.hibernate.SQL                        - 
    [34minsert[0m 
    [34minto[0m
        instituto.alumno
        (email, nombre, id) 
    [34mvalues[0m
        (?, ?, [34mdefault[0m)
2026-01-14 09:17:34,011 [main] WARN  org.hibernate.orm.jdbc.error             - HHH000247: ErrorCode: 90079, SQLState: 90079
2026-01-14 09:17:34,011 [main] WARN  org.hibernate.orm.jdbc.error             - Schema "INSTITUTO" no encontrado
Schema "INSTITUTO" not found; SQL statement:
insert into instituto.alumno (email,nombre,id) values (?,?,default) [90079-240]
2026-01-14 09:17:34,015 [main] ERROR dev.mendo.Main                           - Error durante la persistencia de datos: Could not prepare statement [Schema "INSTITUTO" no encontrado
Schema "INSTITUTO" not found; SQL statement:
insert into instituto.alumno (email,nombre,id) values (?,?,default) [90079-240]] [insert into instituto.alumno (email,nombre,id) values (?,?,default)]
2026-01-14 09:17:34,018 [main] DEBUG dev.mendo.Main                           - Se ha llevado a cabo el rollback de la transaccion
2026-01-14 09:17:34,018 [main] DEBUG dev.mendo.Main                           - Se ha cerrado la conexion con la BD
2026-01-14 09:17:34,025 [main] DEBUG dev.mendo.Main                           - Se ha cerrado el pool de conexiones con la BD
2026-01-14 09:18:59,848 [main] DEBUG org.jboss.logging                        - Logging Provider: org.jboss.logging.Slf4jLoggerProvider
2026-01-14 09:19:00,037 [main] INFO  org.hibernate.orm.jpa                    - HHH008540: Processing PersistenceUnitInfo [name: PersistenciaInstituto]
2026-01-14 09:19:00,082 [main] INFO  org.hibernate.orm.core                   - HHH000001: Hibernate ORM core version 7.2.0.Final
2026-01-14 09:19:00,772 [main] INFO  org.hibernate.orm.connections.pooling    - HHH10001005: Database info:
	Database JDBC URL [jdbc:h2:./data/instituto;AUTO_SERVER=TRUE]
	Database driver: H2 JDBC Driver
	Database dialect: H2Dialect
	Database version: 2.4.240
	Default catalog/schema: INSTITUTO/PUBLIC
	Autocommit mode: true
	Isolation level: READ_COMMITTED
	JDBC fetch size: 100
	Pool: HikariCPConnectionProvider
	Minimum pool size: 2
	Maximum pool size: 5
2026-01-14 09:19:01,261 [main] INFO  org.hibernate.orm.core                   - HHH000489: No JTA platform available (set 'hibernate.transaction.jta.platform' to enable JTA platform integration)
2026-01-14 09:19:01,326 [main] ERROR dev.mendo.Main                           - Error durante la persistencia de datos: Unknown entity type 'dev.mendo.instituto.Alumno' ('Alumno' does not belong to this persistence unit)
2026-01-14 09:19:01,328 [main] DEBUG dev.mendo.Main                           - Se ha llevado a cabo el rollback de la transaccion
2026-01-14 09:19:01,329 [main] DEBUG dev.mendo.Main                           - Se ha cerrado la conexion con la BD
2026-01-14 09:19:01,356 [main] DEBUG dev.mendo.Main                           - Se ha cerrado el pool de conexiones con la BD
2026-01-14 09:20:11,853 [main] DEBUG org.jboss.logging                        - Logging Provider: org.jboss.logging.Slf4jLoggerProvider
2026-01-14 09:20:12,041 [main] INFO  org.hibernate.orm.jpa                    - HHH008540: Processing PersistenceUnitInfo [name: PersistenciaInstituto]
2026-01-14 09:20:12,087 [main] INFO  org.hibernate.orm.core                   - HHH000001: Hibernate ORM core version 7.2.0.Final
2026-01-14 09:20:12,793 [main] INFO  org.hibernate.orm.connections.pooling    - HHH10001005: Database info:
	Database JDBC URL [jdbc:h2:./data/instituto;AUTO_SERVER=TRUE]
	Database driver: H2 JDBC Driver
	Database dialect: H2Dialect
	Database version: 2.4.240
	Default catalog/schema: INSTITUTO/PUBLIC
	Autocommit mode: true
	Isolation level: READ_COMMITTED
	JDBC fetch size: 100
	Pool: HikariCPConnectionProvider
	Minimum pool size: 2
	Maximum pool size: 5
2026-01-14 09:20:13,293 [main] INFO  org.hibernate.orm.core                   - HHH000489: No JTA platform available (set 'hibernate.transaction.jta.platform' to enable JTA platform integration)
2026-01-14 09:20:13,352 [main] ERROR dev.mendo.Main                           - Error durante la persistencia de datos: Unknown entity type 'dev.mendo.instituto.Alumno' ('Alumno' does not belong to this persistence unit)
2026-01-14 09:20:13,355 [main] DEBUG dev.mendo.Main                           - Se ha llevado a cabo el rollback de la transaccion
2026-01-14 09:20:13,355 [main] DEBUG dev.mendo.Main                           - Se ha cerrado la conexion con la BD
2026-01-14 09:20:13,366 [main] DEBUG dev.mendo.Main                           - Se ha cerrado el pool de conexiones con la BD
2026-01-14 09:22:00,940 [main] DEBUG org.jboss.logging                        - Logging Provider: org.jboss.logging.Slf4jLoggerProvider
2026-01-14 09:22:01,126 [main] INFO  org.hibernate.orm.jpa                    - HHH008540: Processing PersistenceUnitInfo [name: PersistenciaInstituto]
2026-01-14 09:22:01,173 [main] INFO  org.hibernate.orm.core                   - HHH000001: Hibernate ORM core version 7.2.0.Final
2026-01-14 09:22:01,881 [main] INFO  org.hibernate.orm.connections.pooling    - HHH10001005: Database info:
	Database JDBC URL [jdbc:h2:./data/instituto;AUTO_SERVER=TRUE]
	Database driver: H2 JDBC Driver
	Database dialect: H2Dialect
	Database version: 2.4.240
	Default catalog/schema: INSTITUTO/PUBLIC
	Autocommit mode: true
	Isolation level: READ_COMMITTED
	JDBC fetch size: 100
	Pool: HikariCPConnectionProvider
	Minimum pool size: 2
	Maximum pool size: 5
2026-01-14 09:22:02,764 [main] INFO  org.hibernate.orm.core                   - HHH000489: No JTA platform available (set 'hibernate.transaction.jta.platform' to enable JTA platform integration)
2026-01-14 09:22:02,812 [main] DEBUG org.hibernate.SQL                        - 
    [34mcreate[0m [34mtable[0m alumno (
        id [34mbigint[0m generated [34mby[0m [34mdefault[0m [34mas[0m [34midentity[0m,
        email [34mvarchar[0m(255),
        nombre [34mvarchar[0m(255) [34mnot[0m [34mnull[0m,
        [34mprimary[0m [34mkey[0m (id)
    )
2026-01-14 09:22:02,816 [main] DEBUG org.hibernate.SQL                        - 
    [34malter[0m [34mtable[0m [34mif[0m [34mexists[0m alumno 
       [34mdrop[0m [34mconstraint[0m [34mif[0m [34mexists[0m UKdlqu0nadbeiwn48uty3rus51y
2026-01-14 09:22:02,818 [main] DEBUG org.hibernate.SQL                        - 
    [34malter[0m [34mtable[0m [34mif[0m [34mexists[0m alumno 
       [34madd[0m [34mconstraint[0m UKdlqu0nadbeiwn48uty3rus51y [34munique[0m (email)
2026-01-14 09:22:02,885 [main] DEBUG org.hibernate.SQL                        - 
    [34minsert[0m 
    [34minto[0m
        alumno
        (email, nombre, id) 
    [34mvalues[0m
        (?, ?, [34mdefault[0m)
2026-01-14 09:22:02,887 [main] TRACE org.hibernate.orm.jdbc.bind              - binding parameter (1:VARCHAR) <- [juan@c.escolar.es]
2026-01-14 09:22:02,887 [main] TRACE org.hibernate.orm.jdbc.bind              - binding parameter (2:VARCHAR) <- [Juan]
2026-01-14 09:22:02,911 [main] DEBUG dev.mendo.Main                           - La instancia alumno1 pasa a estar administrada o persistente
2026-01-14 09:22:02,918 [main] INFO  dev.mendo.Main                           - El estado de la instancia se ha guardado en la BD
2026-01-14 09:22:02,918 [main] DEBUG dev.mendo.Main                           - Se ha cerrado la conexion con la BD
2026-01-14 09:22:02,926 [main] DEBUG dev.mendo.Main                           - Se ha cerrado el pool de conexiones con la BD
2026-01-14 09:44:32,948 [main] DEBUG org.jboss.logging                        - Logging Provider: org.jboss.logging.Slf4jLoggerProvider
2026-01-14 09:44:33,132 [main] INFO  org.hibernate.orm.jpa                    - HHH008540: Processing PersistenceUnitInfo [name: PersistenciaInstituto]
2026-01-14 09:44:33,178 [main] INFO  org.hibernate.orm.core                   - HHH000001: Hibernate ORM core version 7.2.0.Final
2026-01-14 09:44:33,697 [main] INFO  org.hibernate.orm.connections.pooling    - HHH10001005: Database info:
	Database JDBC URL [jdbc:h2:./data/instituto;AUTO_SERVER=TRUE]
	Database driver: H2 JDBC Driver
	Database dialect: H2Dialect
	Database version: 2.4.240
	Default catalog/schema: INSTITUTO/PUBLIC
	Autocommit mode: true
	Isolation level: READ_COMMITTED
	JDBC fetch size: 100
	Pool: HikariCPConnectionProvider
	Minimum pool size: 2
	Maximum pool size: 5
2026-01-14 09:44:34,614 [main] INFO  org.hibernate.orm.core                   - HHH000489: No JTA platform available (set 'hibernate.transaction.jta.platform' to enable JTA platform integration)
2026-01-14 09:44:34,719 [main] DEBUG org.hibernate.SQL                        - 
    [34minsert[0m 
    [34minto[0m
        alumno
        (email, nombre, id) 
    [34mvalues[0m
        (?, ?, [34mdefault[0m)
2026-01-14 09:44:34,722 [main] TRACE org.hibernate.orm.jdbc.bind              - binding parameter (1:VARCHAR) <- [juan@c.escolar.es]
2026-01-14 09:44:34,722 [main] TRACE org.hibernate.orm.jdbc.bind              - binding parameter (2:VARCHAR) <- [Juan]
2026-01-14 09:44:34,733 [main] WARN  org.hibernate.orm.jdbc.error             - HHH000247: ErrorCode: 23505, SQLState: 23505
2026-01-14 09:44:34,733 [main] WARN  org.hibernate.orm.jdbc.error             - Violación de indice de Unicidad ó Clave primaria: "PUBLIC.UKDLQU0NADBEIWN48UTY3RUS51Y INDEX PUBLIC.UKDLQU0NADBEIWN48UTY3RUS51Y_INDEX_7 ON PUBLIC.ALUMNO(EMAIL NULLS FIRST) VALUES ( /* 1 */ 'juan@c.escolar.es' )"
Unique index or primary key violation: "PUBLIC.UKDLQU0NADBEIWN48UTY3RUS51Y INDEX PUBLIC.UKDLQU0NADBEIWN48UTY3RUS51Y_INDEX_7 ON PUBLIC.ALUMNO(EMAIL NULLS FIRST) VALUES ( /* 1 */ 'juan@c.escolar.es' )"; SQL statement:
insert into alumno (email,nombre,id) values (?,?,default) [23505-240]
2026-01-14 09:44:34,742 [main] ERROR dev.mendo.Main                           - Error durante la persistencia de datos: could not execute statement [Violación de indice de Unicidad ó Clave primaria: "PUBLIC.UKDLQU0NADBEIWN48UTY3RUS51Y INDEX PUBLIC.UKDLQU0NADBEIWN48UTY3RUS51Y_INDEX_7 ON PUBLIC.ALUMNO(EMAIL NULLS FIRST) VALUES ( /* 1 */ 'juan@c.escolar.es' )"
Unique index or primary key violation: "PUBLIC.UKDLQU0NADBEIWN48UTY3RUS51Y INDEX PUBLIC.UKDLQU0NADBEIWN48UTY3RUS51Y_INDEX_7 ON PUBLIC.ALUMNO(EMAIL NULLS FIRST) VALUES ( /* 1 */ 'juan@c.escolar.es' )"; SQL statement:
insert into alumno (email,nombre,id) values (?,?,default) [23505-240]] [insert into alumno (email,nombre,id) values (?,?,default)]
2026-01-14 09:44:34,746 [main] DEBUG dev.mendo.Main                           - Se ha llevado a cabo el rollback de la transaccion
2026-01-14 09:44:34,747 [main] DEBUG dev.mendo.Main                           - Se ha cerrado la conexion con la BD
2026-01-14 09:44:34,752 [main] DEBUG dev.mendo.Main                           - Se ha cerrado el pool de conexiones con la BD
2026-01-14 09:44:49,124 [main] DEBUG org.jboss.logging                        - Logging Provider: org.jboss.logging.Slf4jLoggerProvider
2026-01-14 09:44:49,307 [main] INFO  org.hibernate.orm.jpa                    - HHH008540: Processing PersistenceUnitInfo [name: PersistenciaInstituto]
2026-01-14 09:44:49,355 [main] INFO  org.hibernate.orm.core                   - HHH000001: Hibernate ORM core version 7.2.0.Final
2026-01-14 09:44:49,906 [main] INFO  org.hibernate.orm.connections.pooling    - HHH10001005: Database info:
	Database JDBC URL [jdbc:h2:./data/instituto;AUTO_SERVER=TRUE]
	Database driver: H2 JDBC Driver
	Database dialect: H2Dialect
	Database version: 2.4.240
	Default catalog/schema: INSTITUTO/PUBLIC
	Autocommit mode: true
	Isolation level: READ_COMMITTED
	JDBC fetch size: 100
	Pool: HikariCPConnectionProvider
	Minimum pool size: 2
	Maximum pool size: 5
2026-01-14 09:44:50,774 [main] INFO  org.hibernate.orm.core                   - HHH000489: No JTA platform available (set 'hibernate.transaction.jta.platform' to enable JTA platform integration)
2026-01-14 09:44:50,794 [main] DEBUG org.hibernate.SQL                        - 
    [34mdrop[0m [34mtable[0m [34mif[0m [34mexists[0m alumno [34mcascade[0m 
2026-01-14 09:44:50,802 [main] DEBUG org.hibernate.SQL                        - 
    [34mcreate[0m [34mtable[0m alumno (
        id [34mbigint[0m generated [34mby[0m [34mdefault[0m [34mas[0m [34midentity[0m,
        email [34mvarchar[0m(255) [34munique[0m,
        nombre [34mvarchar[0m(255) [34mnot[0m [34mnull[0m,
        [34mprimary[0m [34mkey[0m (id)
    )
2026-01-14 09:44:50,872 [main] DEBUG org.hibernate.SQL                        - 
    [34minsert[0m 
    [34minto[0m
        alumno
        (email, nombre, id) 
    [34mvalues[0m
        (?, ?, [34mdefault[0m)
2026-01-14 09:44:50,877 [main] TRACE org.hibernate.orm.jdbc.bind              - binding parameter (1:VARCHAR) <- [juan@c.escolar.es]
2026-01-14 09:44:50,878 [main] TRACE org.hibernate.orm.jdbc.bind              - binding parameter (2:VARCHAR) <- [Juan]
2026-01-14 09:44:50,904 [main] DEBUG dev.mendo.Main                           - La instancia alumno1 pasa a estar administrada o persistente
2026-01-14 09:44:50,916 [main] DEBUG org.hibernate.SQL                        - 
    [34mupdate[0m
        alumno 
    [34mset[0m
        email=?,
        nombre=? 
    [34mwhere[0m
        id=?
2026-01-14 09:44:50,919 [main] TRACE org.hibernate.orm.jdbc.bind              - binding parameter (1:VARCHAR) <- [j.a@c.escolar.org]
2026-01-14 09:44:50,920 [main] TRACE org.hibernate.orm.jdbc.bind              - binding parameter (2:VARCHAR) <- [Juan]
2026-01-14 09:44:50,920 [main] TRACE org.hibernate.orm.jdbc.bind              - binding parameter (3:BIGINT) <- [1]
2026-01-14 09:44:50,929 [main] INFO  dev.mendo.Main                           - El estado de la instancia se ha guardado en la BD
2026-01-14 09:44:50,929 [main] DEBUG dev.mendo.Main                           - Se ha cerrado la conexion con la BD
2026-01-14 09:44:50,930 [main] DEBUG org.hibernate.SQL                        - 
    [34mdrop[0m [34mtable[0m [34mif[0m [34mexists[0m alumno [34mcascade[0m 
2026-01-14 09:44:50,935 [main] DEBUG dev.mendo.Main                           - Se ha cerrado el pool de conexiones con la BD
2026-01-14 09:45:19,340 [main] DEBUG org.jboss.logging                        - Logging Provider: org.jboss.logging.Slf4jLoggerProvider
2026-01-14 09:45:19,524 [main] INFO  org.hibernate.orm.jpa                    - HHH008540: Processing PersistenceUnitInfo [name: PersistenciaInstituto]
2026-01-14 09:45:19,569 [main] INFO  org.hibernate.orm.core                   - HHH000001: Hibernate ORM core version 7.2.0.Final
2026-01-14 09:45:20,073 [main] INFO  org.hibernate.orm.connections.pooling    - HHH10001005: Database info:
	Database JDBC URL [jdbc:h2:./data/instituto;AUTO_SERVER=TRUE]
	Database driver: H2 JDBC Driver
	Database dialect: H2Dialect
	Database version: 2.4.240
	Default catalog/schema: INSTITUTO/PUBLIC
	Autocommit mode: true
	Isolation level: READ_COMMITTED
	JDBC fetch size: 100
	Pool: HikariCPConnectionProvider
	Minimum pool size: 2
	Maximum pool size: 5
2026-01-14 09:45:20,961 [main] INFO  org.hibernate.orm.core                   - HHH000489: No JTA platform available (set 'hibernate.transaction.jta.platform' to enable JTA platform integration)
2026-01-14 09:45:20,984 [main] DEBUG org.hibernate.SQL                        - 
    [34mdrop[0m [34mtable[0m [34mif[0m [34mexists[0m alumno [34mcascade[0m 
2026-01-14 09:45:20,992 [main] DEBUG org.hibernate.SQL                        - 
    [34mcreate[0m [34mtable[0m alumno (
        id [34mbigint[0m generated [34mby[0m [34mdefault[0m [34mas[0m [34midentity[0m,
        email [34mvarchar[0m(255) [34munique[0m,
        nombre [34mvarchar[0m(255) [34mnot[0m [34mnull[0m,
        [34mprimary[0m [34mkey[0m (id)
    )
2026-01-14 09:45:21,070 [main] DEBUG org.hibernate.SQL                        - 
    [34minsert[0m 
    [34minto[0m
        alumno
        (email, nombre, id) 
    [34mvalues[0m
        (?, ?, [34mdefault[0m)
2026-01-14 09:45:21,076 [main] TRACE org.hibernate.orm.jdbc.bind              - binding parameter (1:VARCHAR) <- [juan@c.escolar.es]
2026-01-14 09:45:21,077 [main] TRACE org.hibernate.orm.jdbc.bind              - binding parameter (2:VARCHAR) <- [Juan]
2026-01-14 09:45:21,112 [main] DEBUG dev.mendo.Main                           - La instancia alumno1 pasa a estar administrada o persistente
2026-01-14 09:45:21,130 [main] DEBUG org.hibernate.SQL                        - 
    [34mupdate[0m
        alumno 
    [34mset[0m
        email=?,
        nombre=? 
    [34mwhere[0m
        id=?
2026-01-14 09:45:21,133 [main] TRACE org.hibernate.orm.jdbc.bind              - binding parameter (1:VARCHAR) <- [j.a@c.escolar.org]
2026-01-14 09:45:21,133 [main] TRACE org.hibernate.orm.jdbc.bind              - binding parameter (2:VARCHAR) <- [Juan]
2026-01-14 09:45:21,134 [main] TRACE org.hibernate.orm.jdbc.bind              - binding parameter (3:BIGINT) <- [1]
2026-01-14 09:45:21,145 [main] INFO  dev.mendo.Main                           - El estado de la instancia se ha guardado en la BD
2026-01-14 09:45:21,146 [main] DEBUG dev.mendo.Main                           - Se ha cerrado la conexion con la BD
2026-01-14 09:45:21,152 [main] DEBUG dev.mendo.Main                           - Se ha cerrado el pool de conexiones con la BD
2026-01-14 09:52:41,309 [main] DEBUG org.jboss.logging                        - Logging Provider: org.jboss.logging.Slf4jLoggerProvider
2026-01-14 09:52:41,498 [main] INFO  org.hibernate.orm.jpa                    - HHH008540: Processing PersistenceUnitInfo [name: PersistenciaInstituto]
2026-01-14 09:52:41,543 [main] INFO  org.hibernate.orm.core                   - HHH000001: Hibernate ORM core version 7.2.0.Final
2026-01-14 09:52:42,061 [main] INFO  org.hibernate.orm.connections.pooling    - HHH10001005: Database info:
	Database JDBC URL [jdbc:h2:./data/instituto;AUTO_SERVER=TRUE]
	Database driver: H2 JDBC Driver
	Database dialect: H2Dialect
	Database version: 2.4.240
	Default catalog/schema: INSTITUTO/PUBLIC
	Autocommit mode: true
	Isolation level: READ_COMMITTED
	JDBC fetch size: 100
	Pool: HikariCPConnectionProvider
	Minimum pool size: 2
	Maximum pool size: 5
2026-01-14 09:52:42,969 [main] INFO  org.hibernate.orm.core                   - HHH000489: No JTA platform available (set 'hibernate.transaction.jta.platform' to enable JTA platform integration)
2026-01-14 09:52:42,993 [main] DEBUG org.hibernate.SQL                        - 
    [34mdrop[0m [34mtable[0m [34mif[0m [34mexists[0m alumno [34mcascade[0m 
2026-01-14 09:52:43,005 [main] DEBUG org.hibernate.SQL                        - 
    [34mcreate[0m [34mtable[0m alumno (
        id [34mbigint[0m generated [34mby[0m [34mdefault[0m [34mas[0m [34midentity[0m,
        email [34mvarchar[0m(255) [34munique[0m,
        nombre [34mvarchar[0m(255) [34mnot[0m [34mnull[0m,
        [34mprimary[0m [34mkey[0m (id)
    )
2026-01-14 09:52:43,072 [main] DEBUG org.hibernate.SQL                        - 
    [34minsert[0m 
    [34minto[0m
        alumno
        (email, nombre, id) 
    [34mvalues[0m
        (?, ?, [34mdefault[0m)
2026-01-14 09:52:43,078 [main] TRACE org.hibernate.orm.jdbc.bind              - binding parameter (1:VARCHAR) <- [juan@c.escolar.es]
2026-01-14 09:52:43,078 [main] TRACE org.hibernate.orm.jdbc.bind              - binding parameter (2:VARCHAR) <- [Juan]
2026-01-14 09:52:43,108 [main] DEBUG dev.mendo.Main                           - La instancia alumno1 pasa a estar administrada o persistente
2026-01-14 09:52:43,118 [main] DEBUG org.hibernate.SQL                        - 
    [34mupdate[0m
        alumno 
    [34mset[0m
        email=?,
        nombre=? 
    [34mwhere[0m
        id=?
2026-01-14 09:52:43,120 [main] TRACE org.hibernate.orm.jdbc.bind              - binding parameter (1:VARCHAR) <- [j.a@c.escolar.org]
2026-01-14 09:52:43,121 [main] TRACE org.hibernate.orm.jdbc.bind              - binding parameter (2:VARCHAR) <- [Juan]
2026-01-14 09:52:43,121 [main] TRACE org.hibernate.orm.jdbc.bind              - binding parameter (3:BIGINT) <- [1]
2026-01-14 09:52:43,130 [main] INFO  dev.mendo.Main                           - El estado de la instancia se ha guardado en la BD
2026-01-14 09:52:43,131 [main] DEBUG dev.mendo.Main                           - Se ha cerrado la conexion con la BD
2026-01-14 09:52:43,137 [main] DEBUG dev.mendo.Main                           - Se ha cerrado el pool de conexiones con la BD
2026-01-14 09:53:55,334 [main] DEBUG org.jboss.logging                        - Logging Provider: org.jboss.logging.Slf4jLoggerProvider
2026-01-14 09:53:55,519 [main] INFO  org.hibernate.orm.jpa                    - HHH008540: Processing PersistenceUnitInfo [name: PersistenciaInstituto]
2026-01-14 09:53:55,565 [main] INFO  org.hibernate.orm.core                   - HHH000001: Hibernate ORM core version 7.2.0.Final
2026-01-14 09:53:56,077 [main] INFO  org.hibernate.orm.connections.pooling    - HHH10001005: Database info:
	Database JDBC URL [jdbc:h2:./data/instituto;AUTO_SERVER=TRUE]
	Database driver: H2 JDBC Driver
	Database dialect: H2Dialect
	Database version: 2.4.240
	Default catalog/schema: INSTITUTO/PUBLIC
	Autocommit mode: true
	Isolation level: READ_COMMITTED
	JDBC fetch size: 100
	Pool: HikariCPConnectionProvider
	Minimum pool size: 2
	Maximum pool size: 5
2026-01-14 09:53:56,971 [main] INFO  org.hibernate.orm.core                   - HHH000489: No JTA platform available (set 'hibernate.transaction.jta.platform' to enable JTA platform integration)
2026-01-14 09:53:56,995 [main] DEBUG org.hibernate.SQL                        - 
    [34mdrop[0m [34mtable[0m [34mif[0m [34mexists[0m alumno [34mcascade[0m 
2026-01-14 09:53:57,006 [main] DEBUG org.hibernate.SQL                        - 
    [34mcreate[0m [34mtable[0m alumno (
        id [34mbigint[0m generated [34mby[0m [34mdefault[0m [34mas[0m [34midentity[0m,
        email [34mvarchar[0m(255) [34munique[0m,
        nombre [34mvarchar[0m(255) [34mnot[0m [34mnull[0m,
        [34mprimary[0m [34mkey[0m (id)
    )
2026-01-14 09:53:57,088 [main] DEBUG org.hibernate.SQL                        - 
    [34minsert[0m 
    [34minto[0m
        alumno
        (email, nombre, id) 
    [34mvalues[0m
        (?, ?, [34mdefault[0m)
2026-01-14 09:53:57,095 [main] TRACE org.hibernate.orm.jdbc.bind              - binding parameter (1:VARCHAR) <- [juan@c.escolar.es]
2026-01-14 09:53:57,096 [main] TRACE org.hibernate.orm.jdbc.bind              - binding parameter (2:VARCHAR) <- [Juan]
2026-01-14 09:53:57,128 [main] DEBUG dev.mendo.Main                           - La instancia alumno1 pasa a estar administrada o persistente
2026-01-14 09:53:57,139 [main] DEBUG org.hibernate.SQL                        - 
    [34mupdate[0m
        alumno 
    [34mset[0m
        email=?,
        nombre=? 
    [34mwhere[0m
        id=?
2026-01-14 09:53:57,141 [main] TRACE org.hibernate.orm.jdbc.bind              - binding parameter (1:VARCHAR) <- [j.a@c.escolar.org]
2026-01-14 09:53:57,141 [main] TRACE org.hibernate.orm.jdbc.bind              - binding parameter (2:VARCHAR) <- [Juan]
2026-01-14 09:53:57,142 [main] TRACE org.hibernate.orm.jdbc.bind              - binding parameter (3:BIGINT) <- [1]
2026-01-14 09:53:57,150 [main] INFO  dev.mendo.Main                           - El estado de la instancia se ha guardado en la BD
2026-01-14 09:53:57,151 [main] INFO  dev.mendo.Main                           - Alumno: 1 | Paco | j.a@c.escolar.org
2026-01-14 09:53:57,152 [main] DEBUG dev.mendo.Main                           - Se ha cerrado la conexion con la BD
2026-01-14 09:53:57,157 [main] DEBUG dev.mendo.Main                           - Se ha cerrado el pool de conexiones con la BD
