2026-02-24 15:16:46,603 [main] INFO  org.hibernate.orm.jpa                    - HHH008540: Processing PersistenceUnitInfo [name: Persistencia]
2026-02-24 15:16:46,735 [main] INFO  org.hibernate.orm.core                   - HHH000001: Hibernate ORM core version 7.2.0.Final
2026-02-24 15:16:47,579 [main] INFO  com.zaxxer.hikari.HikariDataSource       - HikariPool-1 - Starting...
2026-02-24 15:16:48,300 [main] INFO  com.zaxxer.hikari.pool.HikariPool        - HikariPool-1 - Added connection com.mysql.cj.jdbc.ConnectionImpl@e9dc4d0
2026-02-24 15:16:48,303 [main] INFO  com.zaxxer.hikari.HikariDataSource       - HikariPool-1 - Start completed.
2026-02-24 15:16:48,584 [main] INFO  org.hibernate.orm.connections.pooling    - HHH10001005: Database info:
	Database JDBC URL [jdbc:mysql://localhost:3306/biblioteca_city]
	Database driver: com.mysql.cj.jdbc.Driver
	Database dialect: MySQLDialect
	Database version: 8.0.43
	Default catalog/schema: biblioteca_city/undefined
	Autocommit mode: false
	Isolation level: TRANSACTION_REPEATABLE_READ
	JDBC fetch size: none
	Pool: HikariCPConnectionProvider
	Minimum pool size: 10
	Maximum pool size: 10
2026-02-24 15:16:49,019 [main] INFO  com.zaxxer.hikari.HikariDataSource       - HikariPool-1 - Shutdown initiated...
2026-02-24 15:16:49,086 [main] INFO  com.zaxxer.hikari.HikariDataSource       - HikariPool-1 - Shutdown completed.
2026-02-24 15:17:41,886 [main] INFO  org.hibernate.orm.jpa                    - HHH008540: Processing PersistenceUnitInfo [name: Persistencia]
2026-02-24 15:17:41,977 [main] INFO  org.hibernate.orm.core                   - HHH000001: Hibernate ORM core version 7.2.0.Final
2026-02-24 15:17:42,640 [main] INFO  com.zaxxer.hikari.HikariDataSource       - HikariPool-1 - Starting...
2026-02-24 15:17:43,306 [main] INFO  com.zaxxer.hikari.pool.HikariPool        - HikariPool-1 - Added connection com.mysql.cj.jdbc.ConnectionImpl@e9dc4d0
2026-02-24 15:17:43,309 [main] INFO  com.zaxxer.hikari.HikariDataSource       - HikariPool-1 - Start completed.
2026-02-24 15:17:43,537 [main] INFO  org.hibernate.orm.connections.pooling    - HHH10001005: Database info:
	Database JDBC URL [jdbc:mysql://localhost:3306/biblioteca_city]
	Database driver: com.mysql.cj.jdbc.Driver
	Database dialect: MySQLDialect
	Database version: 8.0.43
	Default catalog/schema: biblioteca_city/undefined
	Autocommit mode: false
	Isolation level: TRANSACTION_REPEATABLE_READ
	JDBC fetch size: none
	Pool: HikariCPConnectionProvider
	Minimum pool size: 10
	Maximum pool size: 10
2026-02-24 15:17:45,618 [main] INFO  org.hibernate.orm.core                   - HHH000489: No JTA platform available (set 'hibernate.transaction.jta.platform' to enable JTA platform integration)
2026-02-24 15:17:45,801 [main] DEBUG org.hibernate.SQL                        - 
    insert 
    into
        autor
        (nombre, sex) 
    values
        (?, ?)
2026-02-24 15:17:45,815 [main] TRACE org.hibernate.orm.jdbc.bind              - binding parameter (1:VARCHAR) <- [Jose]
2026-02-24 15:17:45,816 [main] TRACE org.hibernate.orm.jdbc.bind              - binding parameter (2:TINYINT) <- [H]
2026-02-24 15:17:45,877 [main] WARN  org.hibernate.orm.jdbc.error             - HHH000247: ErrorCode: 1265, SQLState: 01000
2026-02-24 15:17:45,878 [main] WARN  org.hibernate.orm.jdbc.error             - Data truncated for column 'sex' at row 1
2026-02-24 15:17:45,886 [main] ERROR dev.mendo.servicio.AutorServicio         - Error en la creacion de el autor: could not execute statement [Data truncated for column 'sex' at row 1] [insert into autor (nombre,sex) values (?,?)]
2026-02-24 15:20:10,173 [main] INFO  org.hibernate.orm.jpa                    - HHH008540: Processing PersistenceUnitInfo [name: Persistencia]
2026-02-24 15:20:10,267 [main] INFO  org.hibernate.orm.core                   - HHH000001: Hibernate ORM core version 7.2.0.Final
2026-02-24 15:20:10,899 [main] INFO  com.zaxxer.hikari.HikariDataSource       - HikariPool-1 - Starting...
2026-02-24 15:20:11,580 [main] INFO  com.zaxxer.hikari.pool.HikariPool        - HikariPool-1 - Added connection com.mysql.cj.jdbc.ConnectionImpl@e9dc4d0
2026-02-24 15:20:11,583 [main] INFO  com.zaxxer.hikari.HikariDataSource       - HikariPool-1 - Start completed.
2026-02-24 15:20:11,857 [main] INFO  org.hibernate.orm.connections.pooling    - HHH10001005: Database info:
	Database JDBC URL [jdbc:mysql://localhost:3306/biblioteca_city]
	Database driver: com.mysql.cj.jdbc.Driver
	Database dialect: MySQLDialect
	Database version: 8.0.43
	Default catalog/schema: biblioteca_city/undefined
	Autocommit mode: false
	Isolation level: TRANSACTION_REPEATABLE_READ
	JDBC fetch size: none
	Pool: HikariCPConnectionProvider
	Minimum pool size: 10
	Maximum pool size: 10
2026-02-24 15:20:13,594 [main] INFO  org.hibernate.orm.core                   - HHH000489: No JTA platform available (set 'hibernate.transaction.jta.platform' to enable JTA platform integration)
2026-02-24 15:20:13,715 [main] DEBUG org.hibernate.SQL                        - 
    insert 
    into
        autor
        (nombre, sex) 
    values
        (?, ?)
2026-02-24 15:20:13,732 [main] TRACE org.hibernate.orm.jdbc.bind              - binding parameter (1:VARCHAR) <- [Jose]
2026-02-24 15:20:13,734 [main] TRACE org.hibernate.orm.jdbc.bind              - binding parameter (2:TINYINT) <- [H]
2026-02-24 15:20:13,786 [main] WARN  org.hibernate.orm.jdbc.error             - HHH000247: ErrorCode: 1265, SQLState: 01000
2026-02-24 15:20:13,787 [main] WARN  org.hibernate.orm.jdbc.error             - Data truncated for column 'sex' at row 1
2026-02-24 15:20:13,795 [main] ERROR dev.mendo.servicio.AutorServicio         - Error en la creacion de el autor: could not execute statement [Data truncated for column 'sex' at row 1] [insert into autor (nombre,sex) values (?,?)]
2026-02-24 15:20:50,271 [main] INFO  org.hibernate.orm.jpa                    - HHH008540: Processing PersistenceUnitInfo [name: Persistencia]
2026-02-24 15:20:50,366 [main] INFO  org.hibernate.orm.core                   - HHH000001: Hibernate ORM core version 7.2.0.Final
2026-02-24 15:20:51,034 [main] INFO  com.zaxxer.hikari.HikariDataSource       - HikariPool-1 - Starting...
2026-02-24 15:20:51,727 [main] INFO  com.zaxxer.hikari.pool.HikariPool        - HikariPool-1 - Added connection com.mysql.cj.jdbc.ConnectionImpl@e9dc4d0
2026-02-24 15:20:51,731 [main] INFO  com.zaxxer.hikari.HikariDataSource       - HikariPool-1 - Start completed.
2026-02-24 15:20:52,011 [main] INFO  org.hibernate.orm.connections.pooling    - HHH10001005: Database info:
	Database JDBC URL [jdbc:mysql://localhost:3306/biblioteca_city]
	Database driver: com.mysql.cj.jdbc.Driver
	Database dialect: MySQLDialect
	Database version: 8.0.43
	Default catalog/schema: biblioteca_city/undefined
	Autocommit mode: false
	Isolation level: TRANSACTION_REPEATABLE_READ
	JDBC fetch size: none
	Pool: HikariCPConnectionProvider
	Minimum pool size: 10
	Maximum pool size: 10
2026-02-24 15:20:53,880 [main] INFO  org.hibernate.orm.core                   - HHH000489: No JTA platform available (set 'hibernate.transaction.jta.platform' to enable JTA platform integration)
2026-02-24 15:20:54,026 [main] DEBUG org.hibernate.SQL                        - 
    insert 
    into
        autor
        (nombre, sex) 
    values
        (?, ?)
2026-02-24 15:20:54,039 [main] TRACE org.hibernate.orm.jdbc.bind              - binding parameter (1:VARCHAR) <- [Jose]
2026-02-24 15:20:54,041 [main] TRACE org.hibernate.orm.jdbc.bind              - binding parameter (2:ENUM) <- [H]
2026-02-24 18:03:11,675 [main] INFO  org.hibernate.orm.jpa                    - HHH008540: Processing PersistenceUnitInfo [name: Persistencia]
2026-02-24 18:03:11,797 [main] INFO  org.hibernate.orm.core                   - HHH000001: Hibernate ORM core version 7.2.0.Final
2026-02-24 18:03:12,527 [main] INFO  com.zaxxer.hikari.HikariDataSource       - HikariPool-1 - Starting...
2026-02-24 18:03:13,422 [main] INFO  com.zaxxer.hikari.pool.HikariPool        - HikariPool-1 - Added connection com.mysql.cj.jdbc.ConnectionImpl@e9dc4d0
2026-02-24 18:03:13,424 [main] INFO  com.zaxxer.hikari.HikariDataSource       - HikariPool-1 - Start completed.
2026-02-24 18:03:13,687 [main] INFO  org.hibernate.orm.connections.pooling    - HHH10001005: Database info:
	Database JDBC URL [jdbc:mysql://localhost:3306/biblioteca_city]
	Database driver: com.mysql.cj.jdbc.Driver
	Database dialect: MySQLDialect
	Database version: 8.0.43
	Default catalog/schema: biblioteca_city/undefined
	Autocommit mode: false
	Isolation level: TRANSACTION_REPEATABLE_READ
	JDBC fetch size: none
	Pool: HikariCPConnectionProvider
	Minimum pool size: 10
	Maximum pool size: 10
2026-02-24 18:03:15,713 [main] INFO  org.hibernate.orm.core                   - HHH000489: No JTA platform available (set 'hibernate.transaction.jta.platform' to enable JTA platform integration)
2026-02-24 18:03:15,871 [main] DEBUG org.hibernate.SQL                        - 
    insert 
    into
        autor
        (nombre, sex) 
    values
        (?, ?)
2026-02-24 18:03:15,886 [main] TRACE org.hibernate.orm.jdbc.bind              - binding parameter (1:VARCHAR) <- [Jose1]
2026-02-24 18:03:15,888 [main] TRACE org.hibernate.orm.jdbc.bind              - binding parameter (2:ENUM) <- [H]
2026-02-24 18:03:16,008 [main] DEBUG org.hibernate.SQL                        - 
    insert 
    into
        libro
        (fechaPublicacion, titulo) 
    values
        (?, ?)
2026-02-24 18:03:16,009 [main] TRACE org.hibernate.orm.jdbc.bind              - binding parameter (1:DATE) <- [2000-08-22]
2026-02-24 18:03:16,010 [main] TRACE org.hibernate.orm.jdbc.bind              - binding parameter (2:VARCHAR) <- [Jose Sala]
2026-02-24 18:04:13,333 [main] INFO  org.hibernate.orm.jpa                    - HHH008540: Processing PersistenceUnitInfo [name: Persistencia]
2026-02-24 18:04:13,431 [main] INFO  org.hibernate.orm.core                   - HHH000001: Hibernate ORM core version 7.2.0.Final
2026-02-24 18:04:14,103 [main] INFO  com.zaxxer.hikari.HikariDataSource       - HikariPool-1 - Starting...
2026-02-24 18:04:14,786 [main] INFO  com.zaxxer.hikari.pool.HikariPool        - HikariPool-1 - Added connection com.mysql.cj.jdbc.ConnectionImpl@e9dc4d0
2026-02-24 18:04:14,790 [main] INFO  com.zaxxer.hikari.HikariDataSource       - HikariPool-1 - Start completed.
2026-02-24 18:04:15,027 [main] INFO  org.hibernate.orm.connections.pooling    - HHH10001005: Database info:
	Database JDBC URL [jdbc:mysql://localhost:3306/biblioteca_city]
	Database driver: com.mysql.cj.jdbc.Driver
	Database dialect: MySQLDialect
	Database version: 8.0.43
	Default catalog/schema: biblioteca_city/undefined
	Autocommit mode: false
	Isolation level: TRANSACTION_REPEATABLE_READ
	JDBC fetch size: none
	Pool: HikariCPConnectionProvider
	Minimum pool size: 10
	Maximum pool size: 10
2026-02-24 18:04:16,890 [main] INFO  org.hibernate.orm.core                   - HHH000489: No JTA platform available (set 'hibernate.transaction.jta.platform' to enable JTA platform integration)
2026-02-24 18:04:17,027 [main] DEBUG org.hibernate.SQL                        - 
    insert 
    into
        autor
        (nombre, sex) 
    values
        (?, ?)
2026-02-24 18:04:17,045 [main] TRACE org.hibernate.orm.jdbc.bind              - binding parameter (1:VARCHAR) <- [Jose1]
2026-02-24 18:04:17,047 [main] TRACE org.hibernate.orm.jdbc.bind              - binding parameter (2:ENUM) <- [H]
2026-02-24 18:04:17,118 [main] DEBUG org.hibernate.SQL                        - 
    insert 
    into
        libro
        (fechaPublicacion, titulo) 
    values
        (?, ?)
2026-02-24 18:04:17,119 [main] TRACE org.hibernate.orm.jdbc.bind              - binding parameter (1:DATE) <- [2000-08-22]
2026-02-24 18:04:17,119 [main] TRACE org.hibernate.orm.jdbc.bind              - binding parameter (2:VARCHAR) <- [Jose Sala]
2026-02-24 18:04:17,171 [main] DEBUG org.hibernate.SQL                        - 
    select
        a1_0.id_autor,
        a1_0.nombre,
        a1_0.sex 
    from
        autor a1_0 
    where
        a1_0.id_autor=?
2026-02-24 18:04:17,173 [main] TRACE org.hibernate.orm.jdbc.bind              - binding parameter (1:BIGINT) <- [4]
2026-02-24 18:04:17,199 [main] DEBUG org.hibernate.SQL                        - 
    select
        l1_0.id_libro,
        l1_0.fechaPublicacion,
        l1_0.titulo 
    from
        libro l1_0 
    where
        l1_0.id_libro=?
2026-02-24 18:04:17,201 [main] TRACE org.hibernate.orm.jdbc.bind              - binding parameter (1:BIGINT) <- [3]
2026-02-24 18:04:17,217 [main] DEBUG org.hibernate.SQL                        - 
    select
        l1_0.autor_id,
        l1_1.id_libro,
        l1_1.fechaPublicacion,
        l1_1.titulo 
    from
        autor_libro l1_0 
    join
        libro l1_1 
            on l1_1.id_libro=l1_0.libro_id 
    where
        l1_0.autor_id=?
2026-02-24 18:04:17,218 [main] TRACE org.hibernate.orm.jdbc.bind              - binding parameter (1:BIGINT) <- [4]
2026-02-24 18:04:17,225 [main] DEBUG org.hibernate.SQL                        - 
    select
        a1_0.libro_id,
        a1_1.id_autor,
        a1_1.nombre,
        a1_1.sex 
    from
        autor_libro a1_0 
    join
        autor a1_1 
            on a1_1.id_autor=a1_0.autor_id 
    where
        a1_0.libro_id=?
2026-02-24 18:04:17,226 [main] TRACE org.hibernate.orm.jdbc.bind              - binding parameter (1:BIGINT) <- [3]
2026-02-24 18:04:17,235 [main] DEBUG org.hibernate.SQL                        - 
    insert 
    into
        autor_libro
        (libro_id, autor_id) 
    values
        (?, ?)
2026-02-24 18:04:17,237 [main] TRACE org.hibernate.orm.jdbc.bind              - binding parameter (1:BIGINT) <- [3]
2026-02-24 18:04:17,238 [main] TRACE org.hibernate.orm.jdbc.bind              - binding parameter (2:BIGINT) <- [4]
2026-02-24 18:09:54,776 [main] INFO  org.hibernate.orm.jpa                    - HHH008540: Processing PersistenceUnitInfo [name: Persistencia]
2026-02-24 18:09:54,904 [main] INFO  org.hibernate.orm.core                   - HHH000001: Hibernate ORM core version 7.2.0.Final
2026-02-24 18:09:55,659 [main] INFO  com.zaxxer.hikari.HikariDataSource       - HikariPool-1 - Starting...
2026-02-24 18:09:56,407 [main] INFO  com.zaxxer.hikari.pool.HikariPool        - HikariPool-1 - Added connection com.mysql.cj.jdbc.ConnectionImpl@e9dc4d0
2026-02-24 18:09:56,411 [main] INFO  com.zaxxer.hikari.HikariDataSource       - HikariPool-1 - Start completed.
2026-02-24 18:09:56,686 [main] INFO  org.hibernate.orm.connections.pooling    - HHH10001005: Database info:
	Database JDBC URL [jdbc:mysql://localhost:3306/biblioteca_city]
	Database driver: com.mysql.cj.jdbc.Driver
	Database dialect: MySQLDialect
	Database version: 8.0.43
	Default catalog/schema: biblioteca_city/undefined
	Autocommit mode: false
	Isolation level: TRANSACTION_REPEATABLE_READ
	JDBC fetch size: none
	Pool: HikariCPConnectionProvider
	Minimum pool size: 10
	Maximum pool size: 10
2026-02-24 18:09:58,604 [main] INFO  org.hibernate.orm.core                   - HHH000489: No JTA platform available (set 'hibernate.transaction.jta.platform' to enable JTA platform integration)
2026-02-24 18:09:58,764 [main] DEBUG org.hibernate.SQL                        - 
    insert 
    into
        autor
        (nombre, sex) 
    values
        (?, ?)
2026-02-24 18:09:58,778 [main] TRACE org.hibernate.orm.jdbc.bind              - binding parameter (1:VARCHAR) <- [Jose1]
2026-02-24 18:09:58,779 [main] TRACE org.hibernate.orm.jdbc.bind              - binding parameter (2:ENUM) <- [H]
2026-02-24 18:09:58,851 [main] DEBUG org.hibernate.SQL                        - 
    insert 
    into
        libro
        (fechaPublicacion, titulo) 
    values
        (?, ?)
2026-02-24 18:09:58,853 [main] TRACE org.hibernate.orm.jdbc.bind              - binding parameter (1:DATE) <- [2000-08-22]
2026-02-24 18:09:58,853 [main] TRACE org.hibernate.orm.jdbc.bind              - binding parameter (2:VARCHAR) <- [Jose Sala]
2026-02-24 18:09:58,900 [main] DEBUG org.hibernate.SQL                        - 
    select
        a1_0.id_autor,
        a1_0.nombre,
        a1_0.sex 
    from
        autor a1_0 
    where
        a1_0.id_autor=?
2026-02-24 18:09:58,903 [main] TRACE org.hibernate.orm.jdbc.bind              - binding parameter (1:BIGINT) <- [4]
2026-02-24 18:09:58,925 [main] DEBUG org.hibernate.SQL                        - 
    select
        l1_0.id_libro,
        l1_0.fechaPublicacion,
        l1_0.titulo 
    from
        libro l1_0 
    where
        l1_0.id_libro=?
2026-02-24 18:09:58,926 [main] TRACE org.hibernate.orm.jdbc.bind              - binding parameter (1:BIGINT) <- [3]
2026-02-24 18:09:58,942 [main] DEBUG org.hibernate.SQL                        - 
    select
        l1_0.autor_id,
        l1_1.id_libro,
        l1_1.fechaPublicacion,
        l1_1.titulo 
    from
        autor_libro l1_0 
    join
        libro l1_1 
            on l1_1.id_libro=l1_0.libro_id 
    where
        l1_0.autor_id=?
2026-02-24 18:09:58,943 [main] TRACE org.hibernate.orm.jdbc.bind              - binding parameter (1:BIGINT) <- [4]
2026-02-24 18:09:58,952 [main] DEBUG org.hibernate.SQL                        - 
    select
        a1_0.libro_id,
        a1_1.id_autor,
        a1_1.nombre,
        a1_1.sex 
    from
        autor_libro a1_0 
    join
        autor a1_1 
            on a1_1.id_autor=a1_0.autor_id 
    where
        a1_0.libro_id=?
2026-02-24 18:09:58,954 [main] TRACE org.hibernate.orm.jdbc.bind              - binding parameter (1:BIGINT) <- [3]
2026-02-24 18:09:58,964 [main] DEBUG org.hibernate.SQL                        - 
    insert 
    into
        autor_libro
        (libro_id, autor_id) 
    values
        (?, ?)
2026-02-24 18:09:58,966 [main] TRACE org.hibernate.orm.jdbc.bind              - binding parameter (1:BIGINT) <- [3]
2026-02-24 18:09:58,967 [main] TRACE org.hibernate.orm.jdbc.bind              - binding parameter (2:BIGINT) <- [4]
2026-02-24 18:09:58,974 [main] DEBUG org.hibernate.SQL                        - 
    insert 
    into
        autor
        (nombre, sex) 
    values
        (?, ?)
2026-02-24 18:09:58,976 [main] TRACE org.hibernate.orm.jdbc.bind              - binding parameter (1:VARCHAR) <- [Mario]
2026-02-24 18:09:58,977 [main] TRACE org.hibernate.orm.jdbc.bind              - binding parameter (2:ENUM) <- [H]
2026-02-24 18:09:58,979 [main] DEBUG org.hibernate.SQL                        - 
    insert 
    into
        libro
        (fechaPublicacion, titulo) 
    values
        (?, ?)
2026-02-24 18:09:58,981 [main] TRACE org.hibernate.orm.jdbc.bind              - binding parameter (1:DATE) <- [2010-12-22]
2026-02-24 18:09:58,981 [main] TRACE org.hibernate.orm.jdbc.bind              - binding parameter (2:VARCHAR) <- [MendoXXX]
2026-02-24 18:09:58,986 [main] DEBUG org.hibernate.SQL                        - 
    insert 
    into
        autor_libro
        (libro_id, autor_id) 
    values
        (?, ?)
2026-02-24 18:09:58,987 [main] TRACE org.hibernate.orm.jdbc.bind              - binding parameter (1:BIGINT) <- [4]
2026-02-24 18:09:58,988 [main] TRACE org.hibernate.orm.jdbc.bind              - binding parameter (2:BIGINT) <- [5]
2026-02-24 18:09:59,424 [main] ERROR dev.mendo.servicio.AutorServicio         - Error en la creacion de el reporte del autor: org.hibernate.query.sqm.UnknownEntityException: Could not resolve root entity 'l.Libro'
2026-02-24 18:12:07,283 [main] INFO  org.hibernate.orm.jpa                    - HHH008540: Processing PersistenceUnitInfo [name: Persistencia]
2026-02-24 18:12:07,379 [main] INFO  org.hibernate.orm.core                   - HHH000001: Hibernate ORM core version 7.2.0.Final
2026-02-24 18:12:08,061 [main] INFO  com.zaxxer.hikari.HikariDataSource       - HikariPool-1 - Starting...
2026-02-24 18:12:08,717 [main] INFO  com.zaxxer.hikari.pool.HikariPool        - HikariPool-1 - Added connection com.mysql.cj.jdbc.ConnectionImpl@e9dc4d0
2026-02-24 18:12:08,722 [main] INFO  com.zaxxer.hikari.HikariDataSource       - HikariPool-1 - Start completed.
2026-02-24 18:12:08,947 [main] INFO  org.hibernate.orm.connections.pooling    - HHH10001005: Database info:
	Database JDBC URL [jdbc:mysql://localhost:3306/biblioteca_city]
	Database driver: com.mysql.cj.jdbc.Driver
	Database dialect: MySQLDialect
	Database version: 8.0.43
	Default catalog/schema: biblioteca_city/undefined
	Autocommit mode: false
	Isolation level: TRANSACTION_REPEATABLE_READ
	JDBC fetch size: none
	Pool: HikariCPConnectionProvider
	Minimum pool size: 10
	Maximum pool size: 10
2026-02-24 18:12:10,767 [main] INFO  org.hibernate.orm.core                   - HHH000489: No JTA platform available (set 'hibernate.transaction.jta.platform' to enable JTA platform integration)
2026-02-24 18:12:10,950 [main] DEBUG org.hibernate.SQL                        - 
    insert 
    into
        autor
        (nombre, sex) 
    values
        (?, ?)
2026-02-24 18:12:10,969 [main] TRACE org.hibernate.orm.jdbc.bind              - binding parameter (1:VARCHAR) <- [Jose1]
2026-02-24 18:12:10,970 [main] TRACE org.hibernate.orm.jdbc.bind              - binding parameter (2:ENUM) <- [H]
2026-02-24 18:12:11,076 [main] DEBUG org.hibernate.SQL                        - 
    insert 
    into
        libro
        (fechaPublicacion, titulo) 
    values
        (?, ?)
2026-02-24 18:12:11,077 [main] TRACE org.hibernate.orm.jdbc.bind              - binding parameter (1:DATE) <- [2000-08-22]
2026-02-24 18:12:11,078 [main] TRACE org.hibernate.orm.jdbc.bind              - binding parameter (2:VARCHAR) <- [Jose Sala]
2026-02-24 18:12:11,137 [main] DEBUG org.hibernate.SQL                        - 
    select
        a1_0.id_autor,
        a1_0.nombre,
        a1_0.sex 
    from
        autor a1_0 
    where
        a1_0.id_autor=?
2026-02-24 18:12:11,139 [main] TRACE org.hibernate.orm.jdbc.bind              - binding parameter (1:BIGINT) <- [6]
2026-02-24 18:12:11,165 [main] DEBUG org.hibernate.SQL                        - 
    select
        l1_0.id_libro,
        l1_0.fechaPublicacion,
        l1_0.titulo 
    from
        libro l1_0 
    where
        l1_0.id_libro=?
2026-02-24 18:12:11,167 [main] TRACE org.hibernate.orm.jdbc.bind              - binding parameter (1:BIGINT) <- [5]
2026-02-24 18:12:11,183 [main] DEBUG org.hibernate.SQL                        - 
    select
        l1_0.autor_id,
        l1_1.id_libro,
        l1_1.fechaPublicacion,
        l1_1.titulo 
    from
        autor_libro l1_0 
    join
        libro l1_1 
            on l1_1.id_libro=l1_0.libro_id 
    where
        l1_0.autor_id=?
2026-02-24 18:12:11,184 [main] TRACE org.hibernate.orm.jdbc.bind              - binding parameter (1:BIGINT) <- [6]
2026-02-24 18:12:11,192 [main] DEBUG org.hibernate.SQL                        - 
    select
        a1_0.libro_id,
        a1_1.id_autor,
        a1_1.nombre,
        a1_1.sex 
    from
        autor_libro a1_0 
    join
        autor a1_1 
            on a1_1.id_autor=a1_0.autor_id 
    where
        a1_0.libro_id=?
2026-02-24 18:12:11,193 [main] TRACE org.hibernate.orm.jdbc.bind              - binding parameter (1:BIGINT) <- [5]
2026-02-24 18:12:11,204 [main] DEBUG org.hibernate.SQL                        - 
    insert 
    into
        autor_libro
        (libro_id, autor_id) 
    values
        (?, ?)
2026-02-24 18:12:11,205 [main] TRACE org.hibernate.orm.jdbc.bind              - binding parameter (1:BIGINT) <- [5]
2026-02-24 18:12:11,205 [main] TRACE org.hibernate.orm.jdbc.bind              - binding parameter (2:BIGINT) <- [6]
2026-02-24 18:12:11,213 [main] DEBUG org.hibernate.SQL                        - 
    insert 
    into
        autor
        (nombre, sex) 
    values
        (?, ?)
2026-02-24 18:12:11,214 [main] TRACE org.hibernate.orm.jdbc.bind              - binding parameter (1:VARCHAR) <- [Mario]
2026-02-24 18:12:11,215 [main] TRACE org.hibernate.orm.jdbc.bind              - binding parameter (2:ENUM) <- [H]
2026-02-24 18:12:11,218 [main] DEBUG org.hibernate.SQL                        - 
    insert 
    into
        libro
        (fechaPublicacion, titulo) 
    values
        (?, ?)
2026-02-24 18:12:11,219 [main] TRACE org.hibernate.orm.jdbc.bind              - binding parameter (1:DATE) <- [2010-12-22]
2026-02-24 18:12:11,219 [main] TRACE org.hibernate.orm.jdbc.bind              - binding parameter (2:VARCHAR) <- [MendoXXX]
2026-02-24 18:12:11,224 [main] DEBUG org.hibernate.SQL                        - 
    insert 
    into
        autor_libro
        (libro_id, autor_id) 
    values
        (?, ?)
2026-02-24 18:12:11,225 [main] TRACE org.hibernate.orm.jdbc.bind              - binding parameter (1:BIGINT) <- [6]
2026-02-24 18:12:11,226 [main] TRACE org.hibernate.orm.jdbc.bind              - binding parameter (2:BIGINT) <- [7]
2026-02-24 18:12:11,670 [main] ERROR dev.mendo.servicio.AutorServicio         - Error en la creacion de el reporte del autor: org.hibernate.query.sqm.UnknownEntityException: Could not resolve root entity 'l.Libro'
2026-02-24 18:13:21,759 [main] INFO  org.hibernate.orm.jpa                    - HHH008540: Processing PersistenceUnitInfo [name: Persistencia]
2026-02-24 18:13:21,851 [main] INFO  org.hibernate.orm.core                   - HHH000001: Hibernate ORM core version 7.2.0.Final
2026-02-24 18:13:22,502 [main] INFO  com.zaxxer.hikari.HikariDataSource       - HikariPool-1 - Starting...
2026-02-24 18:13:23,169 [main] INFO  com.zaxxer.hikari.pool.HikariPool        - HikariPool-1 - Added connection com.mysql.cj.jdbc.ConnectionImpl@e9dc4d0
2026-02-24 18:13:23,172 [main] INFO  com.zaxxer.hikari.HikariDataSource       - HikariPool-1 - Start completed.
2026-02-24 18:13:23,387 [main] INFO  org.hibernate.orm.connections.pooling    - HHH10001005: Database info:
	Database JDBC URL [jdbc:mysql://localhost:3306/biblioteca_city]
	Database driver: com.mysql.cj.jdbc.Driver
	Database dialect: MySQLDialect
	Database version: 8.0.43
	Default catalog/schema: biblioteca_city/undefined
	Autocommit mode: false
	Isolation level: TRANSACTION_REPEATABLE_READ
	JDBC fetch size: none
	Pool: HikariCPConnectionProvider
	Minimum pool size: 10
	Maximum pool size: 10
2026-02-24 18:13:25,196 [main] INFO  org.hibernate.orm.core                   - HHH000489: No JTA platform available (set 'hibernate.transaction.jta.platform' to enable JTA platform integration)
2026-02-24 18:13:25,368 [main] DEBUG org.hibernate.SQL                        - 
    insert 
    into
        autor
        (nombre, sex) 
    values
        (?, ?)
2026-02-24 18:13:25,383 [main] TRACE org.hibernate.orm.jdbc.bind              - binding parameter (1:VARCHAR) <- [Jose1]
2026-02-24 18:13:25,384 [main] TRACE org.hibernate.orm.jdbc.bind              - binding parameter (2:ENUM) <- [H]
2026-02-24 18:13:25,454 [main] DEBUG org.hibernate.SQL                        - 
    insert 
    into
        libro
        (fechaPublicacion, titulo) 
    values
        (?, ?)
2026-02-24 18:13:25,455 [main] TRACE org.hibernate.orm.jdbc.bind              - binding parameter (1:DATE) <- [2000-08-22]
2026-02-24 18:13:25,456 [main] TRACE org.hibernate.orm.jdbc.bind              - binding parameter (2:VARCHAR) <- [Jose Sala]
2026-02-24 18:13:25,507 [main] DEBUG org.hibernate.SQL                        - 
    select
        a1_0.id_autor,
        a1_0.nombre,
        a1_0.sex 
    from
        autor a1_0 
    where
        a1_0.id_autor=?
2026-02-24 18:13:25,509 [main] TRACE org.hibernate.orm.jdbc.bind              - binding parameter (1:BIGINT) <- [8]
2026-02-24 18:13:25,531 [main] DEBUG org.hibernate.SQL                        - 
    select
        l1_0.id_libro,
        l1_0.fechaPublicacion,
        l1_0.titulo 
    from
        libro l1_0 
    where
        l1_0.id_libro=?
2026-02-24 18:13:25,532 [main] TRACE org.hibernate.orm.jdbc.bind              - binding parameter (1:BIGINT) <- [7]
2026-02-24 18:13:25,549 [main] DEBUG org.hibernate.SQL                        - 
    select
        l1_0.autor_id,
        l1_1.id_libro,
        l1_1.fechaPublicacion,
        l1_1.titulo 
    from
        autor_libro l1_0 
    join
        libro l1_1 
            on l1_1.id_libro=l1_0.libro_id 
    where
        l1_0.autor_id=?
2026-02-24 18:13:25,550 [main] TRACE org.hibernate.orm.jdbc.bind              - binding parameter (1:BIGINT) <- [8]
2026-02-24 18:13:25,559 [main] DEBUG org.hibernate.SQL                        - 
    select
        a1_0.libro_id,
        a1_1.id_autor,
        a1_1.nombre,
        a1_1.sex 
    from
        autor_libro a1_0 
    join
        autor a1_1 
            on a1_1.id_autor=a1_0.autor_id 
    where
        a1_0.libro_id=?
2026-02-24 18:13:25,561 [main] TRACE org.hibernate.orm.jdbc.bind              - binding parameter (1:BIGINT) <- [7]
2026-02-24 18:13:25,573 [main] DEBUG org.hibernate.SQL                        - 
    insert 
    into
        autor_libro
        (libro_id, autor_id) 
    values
        (?, ?)
2026-02-24 18:13:25,575 [main] TRACE org.hibernate.orm.jdbc.bind              - binding parameter (1:BIGINT) <- [7]
2026-02-24 18:13:25,575 [main] TRACE org.hibernate.orm.jdbc.bind              - binding parameter (2:BIGINT) <- [8]
2026-02-24 18:13:25,585 [main] DEBUG org.hibernate.SQL                        - 
    insert 
    into
        autor
        (nombre, sex) 
    values
        (?, ?)
2026-02-24 18:13:25,586 [main] TRACE org.hibernate.orm.jdbc.bind              - binding parameter (1:VARCHAR) <- [Mario]
2026-02-24 18:13:25,587 [main] TRACE org.hibernate.orm.jdbc.bind              - binding parameter (2:ENUM) <- [H]
2026-02-24 18:13:25,591 [main] DEBUG org.hibernate.SQL                        - 
    insert 
    into
        libro
        (fechaPublicacion, titulo) 
    values
        (?, ?)
2026-02-24 18:13:25,593 [main] TRACE org.hibernate.orm.jdbc.bind              - binding parameter (1:DATE) <- [2010-12-22]
2026-02-24 18:13:25,593 [main] TRACE org.hibernate.orm.jdbc.bind              - binding parameter (2:VARCHAR) <- [MendoXXX]
2026-02-24 18:13:25,598 [main] DEBUG org.hibernate.SQL                        - 
    insert 
    into
        autor_libro
        (libro_id, autor_id) 
    values
        (?, ?)
2026-02-24 18:13:25,600 [main] TRACE org.hibernate.orm.jdbc.bind              - binding parameter (1:BIGINT) <- [8]
2026-02-24 18:13:25,600 [main] TRACE org.hibernate.orm.jdbc.bind              - binding parameter (2:BIGINT) <- [9]
2026-02-24 18:13:26,061 [main] ERROR dev.mendo.servicio.AutorServicio         - Error en la creacion de el reporte del autor: org.hibernate.query.sqm.UnknownPathException: Could not resolve attribute 'autor' of 'dev.mendo.dominio.modelo.Libro' [SELECT l FROM Libro l WHERE l.autor = : a]
2026-02-24 18:14:36,354 [main] INFO  org.hibernate.orm.jpa                    - HHH008540: Processing PersistenceUnitInfo [name: Persistencia]
2026-02-24 18:14:36,465 [main] INFO  org.hibernate.orm.core                   - HHH000001: Hibernate ORM core version 7.2.0.Final
2026-02-24 18:14:37,130 [main] INFO  com.zaxxer.hikari.HikariDataSource       - HikariPool-1 - Starting...
2026-02-24 18:14:37,791 [main] INFO  com.zaxxer.hikari.pool.HikariPool        - HikariPool-1 - Added connection com.mysql.cj.jdbc.ConnectionImpl@e9dc4d0
2026-02-24 18:14:37,794 [main] INFO  com.zaxxer.hikari.HikariDataSource       - HikariPool-1 - Start completed.
2026-02-24 18:14:37,992 [main] INFO  org.hibernate.orm.connections.pooling    - HHH10001005: Database info:
	Database JDBC URL [jdbc:mysql://localhost:3306/biblioteca_city]
	Database driver: com.mysql.cj.jdbc.Driver
	Database dialect: MySQLDialect
	Database version: 8.0.43
	Default catalog/schema: biblioteca_city/undefined
	Autocommit mode: false
	Isolation level: TRANSACTION_REPEATABLE_READ
	JDBC fetch size: none
	Pool: HikariCPConnectionProvider
	Minimum pool size: 10
	Maximum pool size: 10
2026-02-24 18:14:40,132 [main] INFO  org.hibernate.orm.core                   - HHH000489: No JTA platform available (set 'hibernate.transaction.jta.platform' to enable JTA platform integration)
2026-02-24 18:14:40,305 [main] DEBUG org.hibernate.SQL                        - 
    insert 
    into
        autor
        (nombre, sex) 
    values
        (?, ?)
2026-02-24 18:14:40,319 [main] TRACE org.hibernate.orm.jdbc.bind              - binding parameter (1:VARCHAR) <- [Jose1]
2026-02-24 18:14:40,320 [main] TRACE org.hibernate.orm.jdbc.bind              - binding parameter (2:ENUM) <- [H]
2026-02-24 18:14:40,425 [main] DEBUG org.hibernate.SQL                        - 
    insert 
    into
        libro
        (fechaPublicacion, titulo) 
    values
        (?, ?)
2026-02-24 18:14:40,427 [main] TRACE org.hibernate.orm.jdbc.bind              - binding parameter (1:DATE) <- [2000-08-22]
2026-02-24 18:14:40,427 [main] TRACE org.hibernate.orm.jdbc.bind              - binding parameter (2:VARCHAR) <- [Jose Sala]
2026-02-24 18:14:40,481 [main] DEBUG org.hibernate.SQL                        - 
    select
        a1_0.id_autor,
        a1_0.nombre,
        a1_0.sex 
    from
        autor a1_0 
    where
        a1_0.id_autor=?
2026-02-24 18:14:40,483 [main] TRACE org.hibernate.orm.jdbc.bind              - binding parameter (1:BIGINT) <- [10]
2026-02-24 18:14:40,510 [main] DEBUG org.hibernate.SQL                        - 
    select
        l1_0.id_libro,
        l1_0.fechaPublicacion,
        l1_0.titulo 
    from
        libro l1_0 
    where
        l1_0.id_libro=?
2026-02-24 18:14:40,511 [main] TRACE org.hibernate.orm.jdbc.bind              - binding parameter (1:BIGINT) <- [9]
2026-02-24 18:14:40,527 [main] DEBUG org.hibernate.SQL                        - 
    select
        l1_0.autor_id,
        l1_1.id_libro,
        l1_1.fechaPublicacion,
        l1_1.titulo 
    from
        autor_libro l1_0 
    join
        libro l1_1 
            on l1_1.id_libro=l1_0.libro_id 
    where
        l1_0.autor_id=?
2026-02-24 18:14:40,529 [main] TRACE org.hibernate.orm.jdbc.bind              - binding parameter (1:BIGINT) <- [10]
2026-02-24 18:14:40,535 [main] DEBUG org.hibernate.SQL                        - 
    select
        a1_0.libro_id,
        a1_1.id_autor,
        a1_1.nombre,
        a1_1.sex 
    from
        autor_libro a1_0 
    join
        autor a1_1 
            on a1_1.id_autor=a1_0.autor_id 
    where
        a1_0.libro_id=?
2026-02-24 18:14:40,537 [main] TRACE org.hibernate.orm.jdbc.bind              - binding parameter (1:BIGINT) <- [9]
2026-02-24 18:14:40,545 [main] DEBUG org.hibernate.SQL                        - 
    insert 
    into
        autor_libro
        (libro_id, autor_id) 
    values
        (?, ?)
2026-02-24 18:14:40,548 [main] TRACE org.hibernate.orm.jdbc.bind              - binding parameter (1:BIGINT) <- [9]
2026-02-24 18:14:40,549 [main] TRACE org.hibernate.orm.jdbc.bind              - binding parameter (2:BIGINT) <- [10]
2026-02-24 18:14:40,557 [main] DEBUG org.hibernate.SQL                        - 
    insert 
    into
        autor
        (nombre, sex) 
    values
        (?, ?)
2026-02-24 18:14:40,558 [main] TRACE org.hibernate.orm.jdbc.bind              - binding parameter (1:VARCHAR) <- [Mario]
2026-02-24 18:14:40,559 [main] TRACE org.hibernate.orm.jdbc.bind              - binding parameter (2:ENUM) <- [H]
2026-02-24 18:14:40,562 [main] DEBUG org.hibernate.SQL                        - 
    insert 
    into
        libro
        (fechaPublicacion, titulo) 
    values
        (?, ?)
2026-02-24 18:14:40,563 [main] TRACE org.hibernate.orm.jdbc.bind              - binding parameter (1:DATE) <- [2010-12-22]
2026-02-24 18:14:40,565 [main] TRACE org.hibernate.orm.jdbc.bind              - binding parameter (2:VARCHAR) <- [MendoXXX]
2026-02-24 18:14:40,568 [main] DEBUG org.hibernate.SQL                        - 
    insert 
    into
        autor_libro
        (libro_id, autor_id) 
    values
        (?, ?)
2026-02-24 18:14:40,571 [main] TRACE org.hibernate.orm.jdbc.bind              - binding parameter (1:BIGINT) <- [10]
2026-02-24 18:14:40,571 [main] TRACE org.hibernate.orm.jdbc.bind              - binding parameter (2:BIGINT) <- [11]
2026-02-24 18:14:41,047 [main] ERROR dev.mendo.servicio.AutorServicio         - Error en la creacion de el reporte del autor: org.hibernate.query.SemanticException: Multivalued paths are only allowed for the 'member of' operator
2026-02-24 18:17:34,556 [main] INFO  org.hibernate.orm.jpa                    - HHH008540: Processing PersistenceUnitInfo [name: Persistencia]
2026-02-24 18:17:34,687 [main] INFO  org.hibernate.orm.core                   - HHH000001: Hibernate ORM core version 7.2.0.Final
2026-02-24 18:17:35,458 [main] INFO  com.zaxxer.hikari.HikariDataSource       - HikariPool-1 - Starting...
2026-02-24 18:17:36,212 [main] INFO  com.zaxxer.hikari.pool.HikariPool        - HikariPool-1 - Added connection com.mysql.cj.jdbc.ConnectionImpl@e9dc4d0
2026-02-24 18:17:36,215 [main] INFO  com.zaxxer.hikari.HikariDataSource       - HikariPool-1 - Start completed.
2026-02-24 18:17:36,481 [main] INFO  org.hibernate.orm.connections.pooling    - HHH10001005: Database info:
	Database JDBC URL [jdbc:mysql://localhost:3306/biblioteca_city]
	Database driver: com.mysql.cj.jdbc.Driver
	Database dialect: MySQLDialect
	Database version: 8.0.43
	Default catalog/schema: biblioteca_city/undefined
	Autocommit mode: false
	Isolation level: TRANSACTION_REPEATABLE_READ
	JDBC fetch size: none
	Pool: HikariCPConnectionProvider
	Minimum pool size: 10
	Maximum pool size: 10
2026-02-24 18:17:38,558 [main] INFO  org.hibernate.orm.core                   - HHH000489: No JTA platform available (set 'hibernate.transaction.jta.platform' to enable JTA platform integration)
2026-02-24 18:17:38,703 [main] DEBUG org.hibernate.SQL                        - 
    insert 
    into
        autor
        (nombre, sex) 
    values
        (?, ?)
2026-02-24 18:17:38,719 [main] TRACE org.hibernate.orm.jdbc.bind              - binding parameter (1:VARCHAR) <- [Jose1]
2026-02-24 18:17:38,720 [main] TRACE org.hibernate.orm.jdbc.bind              - binding parameter (2:ENUM) <- [H]
2026-02-24 18:17:38,822 [main] DEBUG org.hibernate.SQL                        - 
    insert 
    into
        libro
        (fechaPublicacion, titulo) 
    values
        (?, ?)
2026-02-24 18:17:38,824 [main] TRACE org.hibernate.orm.jdbc.bind              - binding parameter (1:DATE) <- [2000-08-22]
2026-02-24 18:17:38,824 [main] TRACE org.hibernate.orm.jdbc.bind              - binding parameter (2:VARCHAR) <- [Jose Sala]
2026-02-24 18:17:38,878 [main] DEBUG org.hibernate.SQL                        - 
    select
        a1_0.id_autor,
        a1_0.nombre,
        a1_0.sex 
    from
        autor a1_0 
    where
        a1_0.id_autor=?
2026-02-24 18:17:38,879 [main] TRACE org.hibernate.orm.jdbc.bind              - binding parameter (1:BIGINT) <- [12]
2026-02-24 18:17:38,909 [main] DEBUG org.hibernate.SQL                        - 
    select
        l1_0.id_libro,
        l1_0.fechaPublicacion,
        l1_0.titulo 
    from
        libro l1_0 
    where
        l1_0.id_libro=?
2026-02-24 18:17:38,911 [main] TRACE org.hibernate.orm.jdbc.bind              - binding parameter (1:BIGINT) <- [11]
2026-02-24 18:17:38,924 [main] DEBUG org.hibernate.SQL                        - 
    select
        l1_0.autor_id,
        l1_1.id_libro,
        l1_1.fechaPublicacion,
        l1_1.titulo 
    from
        autor_libro l1_0 
    join
        libro l1_1 
            on l1_1.id_libro=l1_0.libro_id 
    where
        l1_0.autor_id=?
2026-02-24 18:17:38,925 [main] TRACE org.hibernate.orm.jdbc.bind              - binding parameter (1:BIGINT) <- [12]
2026-02-24 18:17:38,934 [main] DEBUG org.hibernate.SQL                        - 
    select
        a1_0.libro_id,
        a1_1.id_autor,
        a1_1.nombre,
        a1_1.sex 
    from
        autor_libro a1_0 
    join
        autor a1_1 
            on a1_1.id_autor=a1_0.autor_id 
    where
        a1_0.libro_id=?
2026-02-24 18:17:38,935 [main] TRACE org.hibernate.orm.jdbc.bind              - binding parameter (1:BIGINT) <- [11]
2026-02-24 18:17:38,944 [main] DEBUG org.hibernate.SQL                        - 
    insert 
    into
        autor_libro
        (libro_id, autor_id) 
    values
        (?, ?)
2026-02-24 18:17:38,946 [main] TRACE org.hibernate.orm.jdbc.bind              - binding parameter (1:BIGINT) <- [11]
2026-02-24 18:17:38,946 [main] TRACE org.hibernate.orm.jdbc.bind              - binding parameter (2:BIGINT) <- [12]
2026-02-24 18:17:38,954 [main] DEBUG org.hibernate.SQL                        - 
    insert 
    into
        autor
        (nombre, sex) 
    values
        (?, ?)
2026-02-24 18:17:38,956 [main] TRACE org.hibernate.orm.jdbc.bind              - binding parameter (1:VARCHAR) <- [Mario]
2026-02-24 18:17:38,957 [main] TRACE org.hibernate.orm.jdbc.bind              - binding parameter (2:ENUM) <- [H]
2026-02-24 18:17:38,961 [main] DEBUG org.hibernate.SQL                        - 
    insert 
    into
        libro
        (fechaPublicacion, titulo) 
    values
        (?, ?)
2026-02-24 18:17:38,962 [main] TRACE org.hibernate.orm.jdbc.bind              - binding parameter (1:DATE) <- [2010-12-22]
2026-02-24 18:17:38,963 [main] TRACE org.hibernate.orm.jdbc.bind              - binding parameter (2:VARCHAR) <- [MendoXXX]
2026-02-24 18:17:38,968 [main] DEBUG org.hibernate.SQL                        - 
    insert 
    into
        autor_libro
        (libro_id, autor_id) 
    values
        (?, ?)
2026-02-24 18:17:38,969 [main] TRACE org.hibernate.orm.jdbc.bind              - binding parameter (1:BIGINT) <- [12]
2026-02-24 18:17:38,970 [main] TRACE org.hibernate.orm.jdbc.bind              - binding parameter (2:BIGINT) <- [13]
2026-02-24 18:17:39,580 [main] DEBUG org.hibernate.SQL                        - 
    select
        l1_0.id_libro,
        l1_0.fechaPublicacion,
        l1_0.titulo 
    from
        libro l1_0 
    where
        ? in (select
            a1_0.autor_id from autor_libro a1_0 
        where
            l1_0.id_libro=a1_0.libro_id)
2026-02-24 18:17:39,581 [main] TRACE org.hibernate.orm.jdbc.bind              - binding parameter (1:BIGINT) <- [13]
2026-02-24 18:17:39,590 [main] INFO  dev.mendo.servicio.AutorServicio         - Libro [id_libro=12, titulo=MendoXXX, fechaPublicacion=2010-12-22]
2026-02-24 18:17:39,596 [main] DEBUG org.hibernate.SQL                        - 
    select
        a1_0.id_autor,
        a1_0.nombre,
        a1_0.sex 
    from
        autor a1_0 
    where
        ? in (select
            l1_0.libro_id from autor_libro l1_0 
        where
            a1_0.id_autor=l1_0.autor_id)
2026-02-24 18:17:39,599 [main] TRACE org.hibernate.orm.jdbc.bind              - binding parameter (1:BIGINT) <- [12]
2026-02-24 18:17:39,604 [main] INFO  dev.mendo.servicio.AutorServicio         - Autor [id_autor=13, nombre=Mario, sex=H]
2026-02-24 19:42:53,938 [main] INFO  org.hibernate.orm.jpa                    - HHH008540: Processing PersistenceUnitInfo [name: Persistencia]
2026-02-24 19:42:54,093 [main] INFO  org.hibernate.orm.core                   - HHH000001: Hibernate ORM core version 7.2.0.Final
2026-02-24 19:42:54,823 [main] INFO  com.zaxxer.hikari.HikariDataSource       - HikariPool-1 - Starting...
2026-02-24 19:42:55,567 [main] INFO  com.zaxxer.hikari.pool.HikariPool        - HikariPool-1 - Added connection com.mysql.cj.jdbc.ConnectionImpl@e9dc4d0
2026-02-24 19:42:55,569 [main] INFO  com.zaxxer.hikari.HikariDataSource       - HikariPool-1 - Start completed.
2026-02-24 19:42:55,813 [main] INFO  org.hibernate.orm.connections.pooling    - HHH10001005: Database info:
	Database JDBC URL [jdbc:mysql://localhost:3306/biblioteca_city]
	Database driver: com.mysql.cj.jdbc.Driver
	Database dialect: MySQLDialect
	Database version: 8.0.43
	Default catalog/schema: biblioteca_city/undefined
	Autocommit mode: false
	Isolation level: TRANSACTION_REPEATABLE_READ
	JDBC fetch size: none
	Pool: HikariCPConnectionProvider
	Minimum pool size: 10
	Maximum pool size: 10
2026-02-24 19:42:57,837 [main] INFO  org.hibernate.orm.core                   - HHH000489: No JTA platform available (set 'hibernate.transaction.jta.platform' to enable JTA platform integration)
2026-02-24 19:42:57,974 [main] DEBUG org.hibernate.SQL                        - 
    insert 
    into
        autor
        (nombre, sex) 
    values
        (?, ?)
2026-02-24 19:42:57,988 [main] TRACE org.hibernate.orm.jdbc.bind              - binding parameter (1:VARCHAR) <- [Jose1]
2026-02-24 19:42:57,989 [main] TRACE org.hibernate.orm.jdbc.bind              - binding parameter (2:ENUM) <- [H]
2026-02-24 19:42:58,057 [main] DEBUG org.hibernate.SQL                        - 
    insert 
    into
        libro
        (fechaPublicacion, titulo) 
    values
        (?, ?)
2026-02-24 19:42:58,058 [main] TRACE org.hibernate.orm.jdbc.bind              - binding parameter (1:DATE) <- [2000-08-22]
2026-02-24 19:42:58,059 [main] TRACE org.hibernate.orm.jdbc.bind              - binding parameter (2:VARCHAR) <- [Jose Sala]
2026-02-24 19:42:58,108 [main] DEBUG org.hibernate.SQL                        - 
    select
        a1_0.id_autor,
        a1_0.nombre,
        a1_0.sex 
    from
        autor a1_0 
    where
        a1_0.id_autor=?
2026-02-24 19:42:58,109 [main] TRACE org.hibernate.orm.jdbc.bind              - binding parameter (1:BIGINT) <- [4]
2026-02-24 19:42:58,131 [main] DEBUG org.hibernate.SQL                        - 
    select
        l1_0.id_libro,
        l1_0.fechaPublicacion,
        l1_0.titulo 
    from
        libro l1_0 
    where
        l1_0.id_libro=?
2026-02-24 19:42:58,132 [main] TRACE org.hibernate.orm.jdbc.bind              - binding parameter (1:BIGINT) <- [3]
2026-02-24 19:42:58,144 [main] DEBUG org.hibernate.SQL                        - 
    select
        l1_0.autor_id,
        l1_1.id_libro,
        l1_1.fechaPublicacion,
        l1_1.titulo 
    from
        autor_libro l1_0 
    join
        libro l1_1 
            on l1_1.id_libro=l1_0.libro_id 
    where
        l1_0.autor_id=?
2026-02-24 19:42:58,145 [main] TRACE org.hibernate.orm.jdbc.bind              - binding parameter (1:BIGINT) <- [4]
2026-02-24 19:42:58,153 [main] DEBUG org.hibernate.SQL                        - 
    select
        a1_0.libro_id,
        a1_1.id_autor,
        a1_1.nombre,
        a1_1.sex 
    from
        autor_libro a1_0 
    join
        autor a1_1 
            on a1_1.id_autor=a1_0.autor_id 
    where
        a1_0.libro_id=?
2026-02-24 19:42:58,154 [main] TRACE org.hibernate.orm.jdbc.bind              - binding parameter (1:BIGINT) <- [3]
2026-02-24 19:42:58,162 [main] DEBUG org.hibernate.SQL                        - 
    insert 
    into
        autor_libro
        (libro_id, autor_id) 
    values
        (?, ?)
2026-02-24 19:42:58,164 [main] TRACE org.hibernate.orm.jdbc.bind              - binding parameter (1:BIGINT) <- [3]
2026-02-24 19:42:58,164 [main] TRACE org.hibernate.orm.jdbc.bind              - binding parameter (2:BIGINT) <- [4]
2026-02-24 19:42:58,171 [main] DEBUG org.hibernate.SQL                        - 
    insert 
    into
        autor
        (nombre, sex) 
    values
        (?, ?)
2026-02-24 19:42:58,172 [main] TRACE org.hibernate.orm.jdbc.bind              - binding parameter (1:VARCHAR) <- [Mario]
2026-02-24 19:42:58,172 [main] TRACE org.hibernate.orm.jdbc.bind              - binding parameter (2:ENUM) <- [H]
2026-02-24 19:42:58,175 [main] DEBUG org.hibernate.SQL                        - 
    insert 
    into
        libro
        (fechaPublicacion, titulo) 
    values
        (?, ?)
2026-02-24 19:42:58,176 [main] TRACE org.hibernate.orm.jdbc.bind              - binding parameter (1:DATE) <- [2010-12-22]
2026-02-24 19:42:58,177 [main] TRACE org.hibernate.orm.jdbc.bind              - binding parameter (2:VARCHAR) <- [MendoXXX]
2026-02-24 19:42:58,181 [main] DEBUG org.hibernate.SQL                        - 
    insert 
    into
        autor_libro
        (libro_id, autor_id) 
    values
        (?, ?)
2026-02-24 19:42:58,182 [main] TRACE org.hibernate.orm.jdbc.bind              - binding parameter (1:BIGINT) <- [4]
2026-02-24 19:42:58,182 [main] TRACE org.hibernate.orm.jdbc.bind              - binding parameter (2:BIGINT) <- [5]
2026-02-24 19:42:58,748 [main] DEBUG org.hibernate.SQL                        - 
    select
        l1_0.id_libro,
        l1_0.fechaPublicacion,
        l1_0.titulo 
    from
        libro l1_0 
    where
        ? in (select
            a1_0.autor_id from autor_libro a1_0 
        where
            l1_0.id_libro=a1_0.libro_id)
2026-02-24 19:42:58,749 [main] TRACE org.hibernate.orm.jdbc.bind              - binding parameter (1:BIGINT) <- [5]
2026-02-24 19:42:58,759 [main] INFO  dev.mendo.servicio.AutorServicio         - Libro [id_libro=4, titulo=MendoXXX, fechaPublicacion=2010-12-22]
2026-02-24 19:42:58,765 [main] DEBUG org.hibernate.SQL                        - 
    select
        a1_0.id_autor,
        a1_0.nombre,
        a1_0.sex 
    from
        autor a1_0 
    where
        ? in (select
            l1_0.libro_id from autor_libro l1_0 
        where
            a1_0.id_autor=l1_0.autor_id)
2026-02-24 19:42:58,766 [main] TRACE org.hibernate.orm.jdbc.bind              - binding parameter (1:BIGINT) <- [4]
2026-02-24 19:42:58,770 [main] INFO  dev.mendo.servicio.AutorServicio         - Autor [id_autor=5, nombre=Mario, sex=H]
2026-02-24 19:42:59,082 [main] DEBUG org.hibernate.SQL                        - 
    select
        concat(a1_0.nombre, ' | ', l1_1.titulo) 
    from
        autor a1_0 
    join
        autor_libro l1_0 
            on a1_0.id_autor=l1_0.autor_id 
    join
        libro l1_1 
            on l1_1.id_libro=l1_0.libro_id 
    order by
        a1_0.nombre,
        l1_1.titulo
2026-02-24 19:42:59,088 [main] INFO  dev.mendo.servicio.AutorServicio         - Davide String | Sueños del sur
2026-02-24 19:42:59,088 [main] INFO  dev.mendo.servicio.AutorServicio         - Jose1 | Jose Sala
2026-02-24 19:42:59,088 [main] INFO  dev.mendo.servicio.AutorServicio         - Mario | MendoXXX
2026-02-24 19:42:59,089 [main] INFO  dev.mendo.servicio.AutorServicio         - Martha Sainz | Sueños del sur
2026-02-24 19:42:59,089 [main] INFO  dev.mendo.servicio.AutorServicio         - Tim Hook | Los 3 magníficos
