2025-11-20 10:24:25,284 [main] DEBUG es.ciudadescolar.util.BdooManager        - Abierta base de datos: C:\Users\alumno\BDOO_Practica1_AADD\instituto.db4o
2025-11-20 10:24:25,292 [main] WARN  es.ciudadescolar.util.BdooManager        - Instituto: Ciudad Escolar|null|null
2025-11-20 10:24:25,293 [main] INFO  es.ciudadescolar.Main                    - Alumno en pre lista: Mario|999|23
2025-11-20 10:24:25,293 [main] INFO  es.ciudadescolar.Main                    - Alumno en pre lista: Paco|222|55
2025-11-20 10:24:25,293 [main] INFO  es.ciudadescolar.Main                    - Alumno en pre lista: Jose|544|66
2025-11-20 10:24:25,294 [main] INFO  es.ciudadescolar.Main                    - Alumno en pre lista: Maria|121|12
2025-11-20 10:24:25,296 [main] WARN  es.ciudadescolar.util.BdooManager        - Alumno matriculado: Mario|999|23
2025-11-20 10:24:25,296 [main] WARN  es.ciudadescolar.util.BdooManager        - Alumno matriculado: Paco|222|55
2025-11-20 10:24:25,296 [main] WARN  es.ciudadescolar.util.BdooManager        - Alumno matriculado: Jose|544|66
2025-11-20 10:24:25,296 [main] WARN  es.ciudadescolar.util.BdooManager        - Alumno matriculado: Maria|121|12
2025-11-20 10:24:25,299 [main] INFO  es.ciudadescolar.util.BdooManager        - Commit ejecutado
2025-11-20 10:25:00,902 [main] WARN  es.ciudadescolar.util.BdooManager        - Se procede a borrar la BD
2025-11-20 10:25:01,071 [main] DEBUG es.ciudadescolar.util.BdooManager        - Abierta base de datos: C:\Users\alumno\BDOO_Practica1_AADD\instituto.db4o
2025-11-20 10:25:01,077 [main] INFO  es.ciudadescolar.util.BdooManager        - Instituto: Ciudad Escolar|null|null
2025-11-20 10:25:01,078 [main] INFO  es.ciudadescolar.Main                    - Alumno en pre lista: Mario|999|23
2025-11-20 10:25:01,078 [main] INFO  es.ciudadescolar.Main                    - Alumno en pre lista: Paco|222|55
2025-11-20 10:25:01,078 [main] INFO  es.ciudadescolar.Main                    - Alumno en pre lista: Jose|544|66
2025-11-20 10:25:01,079 [main] INFO  es.ciudadescolar.Main                    - Alumno en pre lista: Maria|121|12
2025-11-20 10:25:01,081 [main] INFO  es.ciudadescolar.util.BdooManager        - Alumno matriculado: Mario|999|23
2025-11-20 10:25:01,081 [main] INFO  es.ciudadescolar.util.BdooManager        - Alumno matriculado: Paco|222|55
2025-11-20 10:25:01,082 [main] INFO  es.ciudadescolar.util.BdooManager        - Alumno matriculado: Jose|544|66
2025-11-20 10:25:01,082 [main] INFO  es.ciudadescolar.util.BdooManager        - Alumno matriculado: Maria|121|12
2025-11-20 10:25:01,085 [main] INFO  es.ciudadescolar.util.BdooManager        - Commit ejecutado
