2025-11-16 19:46:47,520 [main] INFO  es.ciudadescolar.Main                    - El fichero se genero con exito: C:\Users\mario\DAM2\AADD\A1\Examenes\Examen 22-23 (XML y JSON)-20251116\examen_22_23\cine_MarioMendoza.xml
2025-11-16 19:47:30,810 [main] INFO  es.ciudadescolar.Main                    - El fichero se genero con exito: C:\Users\mario\DAM2\AADD\A1\Examenes\Examen 22-23 (XML y JSON)-20251116\examen_22_23\cine_MarioMendoza.xml
2025-11-16 19:48:01,322 [main] INFO  es.ciudadescolar.Main                    - El fichero se genero con exito: C:\Users\mario\DAM2\AADD\A1\Examenes\Examen 22-23 (XML y JSON)-20251116\examen_22_23\cine_MarioMendoza.xml
2025-11-16 19:48:03,180 [main] INFO  es.ciudadescolar.Main                    - El fichero se genero con exito: C:\Users\mario\DAM2\AADD\A1\Examenes\Examen 22-23 (XML y JSON)-20251116\examen_22_23\cine_MarioMendoza.xml
2025-11-16 19:57:01,577 [main] INFO  es.ciudadescolar.Main                    - Contenido: Cine [cine=Cinesa La Gavia, pais=null, titulo=null]
2025-11-16 19:57:01,584 [main] INFO  es.ciudadescolar.Main                    - Contenido: Cine [cine=null, pais=EE.UU, titulo=Aquellas Juergas Universitarias]
2025-11-16 19:57:01,585 [main] INFO  es.ciudadescolar.Main                    - Contenido: Cine [cine=null, pais=EE.UU, titulo=El Rey Leónidas y 300 espartanos]
2025-11-16 19:57:01,586 [main] INFO  es.ciudadescolar.Main                    - Contenido: Cine [cine=null, pais=EE.UU, titulo=En busca de la felicidad]
2025-11-16 19:57:01,587 [main] INFO  es.ciudadescolar.Main                    - Contenido: Cine [cine=null, pais=EE.UU, titulo=Las Hermanas Bolena]
2025-11-16 19:57:01,587 [main] INFO  es.ciudadescolar.Main                    - Contenido: Cine [cine=null, pais=EE.UU, titulo=Historia del Juguete]
2025-11-16 19:57:01,689 [main] INFO  es.ciudadescolar.Main                    - El fichero se genero con exito: C:\Users\mario\DAM2\AADD\A1\Examenes\Examen 22-23 (XML y JSON)-20251116\examen_22_23\cine_MarioMendoza.xml
2025-11-16 19:58:50,695 [main] INFO  es.ciudadescolar.Main                    - Contenido: Cine [cine=Cinesa La Gavia, pais=EE.UU, titulo=Aquellas Juergas Universitarias]
2025-11-16 19:58:50,701 [main] INFO  es.ciudadescolar.Main                    - Contenido: Cine [cine=Cinesa La Gavia, pais=EE.UU, titulo=El Rey Leónidas y 300 espartanos]
2025-11-16 19:58:50,702 [main] INFO  es.ciudadescolar.Main                    - Contenido: Cine [cine=Cinesa La Gavia, pais=EE.UU, titulo=En busca de la felicidad]
2025-11-16 19:58:50,702 [main] INFO  es.ciudadescolar.Main                    - Contenido: Cine [cine=Cinesa La Gavia, pais=EE.UU, titulo=Las Hermanas Bolena]
2025-11-16 19:58:50,702 [main] INFO  es.ciudadescolar.Main                    - Contenido: Cine [cine=Cinesa La Gavia, pais=EE.UU, titulo=Historia del Juguete]
2025-11-16 19:58:50,803 [main] INFO  es.ciudadescolar.Main                    - El fichero se genero con exito: C:\Users\mario\DAM2\AADD\A1\Examenes\Examen 22-23 (XML y JSON)-20251116\examen_22_23\cine_MarioMendoza.xml
2025-11-16 20:26:34,076 [main] INFO  es.ciudadescolar.Main                    - Contenido: Cine [cine=Cinesa La Gavia, pais=EE.UU, titulo=Aquellas Juergas Universitarias]
2025-11-16 20:26:34,082 [main] INFO  es.ciudadescolar.Main                    - Contenido: Cine [cine=Cinesa La Gavia, pais=EE.UU, titulo=El Rey Leónidas y 300 espartanos]
2025-11-16 20:26:34,083 [main] INFO  es.ciudadescolar.Main                    - Contenido: Cine [cine=Cinesa La Gavia, pais=EE.UU, titulo=En busca de la felicidad]
2025-11-16 20:26:34,083 [main] INFO  es.ciudadescolar.Main                    - Contenido: Cine [cine=Cinesa La Gavia, pais=EE.UU, titulo=Las Hermanas Bolena]
2025-11-16 20:26:34,084 [main] INFO  es.ciudadescolar.Main                    - Contenido: Cine [cine=Cinesa La Gavia, pais=EE.UU, titulo=Historia del Juguete]
2025-11-16 20:26:34,184 [main] INFO  es.ciudadescolar.Main                    - El fichero se genero con exito: C:\Users\mario\DAM2\AADD\A1\Examenes\Examen 22-23 (XML y JSON)-20251116\examen_22_23\cine_MarioMendoza.xml
2025-11-16 20:27:18,593 [main] INFO  es.ciudadescolar.Main                    - Contenido: Cine [cine=Cinesa La Gavia, pais=EE.UU, titulo=Aquellas Juergas Universitarias]
2025-11-16 20:27:18,601 [main] INFO  es.ciudadescolar.Main                    - Contenido: Cine [cine=Cinesa La Gavia, pais=EE.UU, titulo=El Rey Leónidas y 300 espartanos]
2025-11-16 20:27:18,601 [main] INFO  es.ciudadescolar.Main                    - Contenido: Cine [cine=Cinesa La Gavia, pais=EE.UU, titulo=En busca de la felicidad]
2025-11-16 20:27:18,602 [main] INFO  es.ciudadescolar.Main                    - Contenido: Cine [cine=Cinesa La Gavia, pais=EE.UU, titulo=Las Hermanas Bolena]
2025-11-16 20:27:18,602 [main] INFO  es.ciudadescolar.Main                    - Contenido: Cine [cine=Cinesa La Gavia, pais=EE.UU, titulo=Historia del Juguete]
2025-11-16 20:27:18,693 [main] INFO  es.ciudadescolar.Main                    - El fichero se genero con exito: C:\Users\mario\DAM2\AADD\A1\Examenes\Examen 22-23 (XML y JSON)-20251116\examen_22_23\cine_MarioMendoza.xml
2025-11-16 20:27:18,699 [main] INFO  es.ciudadescolar.util.XmlManager         - Se ha validado el fichero con exito: cine_MarioMendoza.xml
2025-11-16 20:50:07,770 [main] INFO  es.ciudadescolar.Main                    - Contenido: Cine [cine=Cinesa La Gavia, pais=EE.UU, titulo=Aquellas Juergas Universitarias]
2025-11-16 20:50:07,779 [main] INFO  es.ciudadescolar.Main                    - Contenido: Cine [cine=Cinesa La Gavia, pais=EE.UU, titulo=El Rey Leónidas y 300 espartanos]
2025-11-16 20:50:07,781 [main] INFO  es.ciudadescolar.Main                    - Contenido: Cine [cine=Cinesa La Gavia, pais=EE.UU, titulo=En busca de la felicidad]
2025-11-16 20:50:07,781 [main] INFO  es.ciudadescolar.Main                    - Contenido: Cine [cine=Cinesa La Gavia, pais=EE.UU, titulo=Las Hermanas Bolena]
2025-11-16 20:50:07,781 [main] INFO  es.ciudadescolar.Main                    - Contenido: Cine [cine=Cinesa La Gavia, pais=EE.UU, titulo=Historia del Juguete]
2025-11-16 20:50:07,890 [main] INFO  es.ciudadescolar.Main                    - El fichero se genero con exito: C:\Users\mario\DAM2\AADD\A1\Examenes\Examen 22-23 (XML y JSON)-20251116\examen_22_23\cine_MarioMendoza.xml
2025-11-16 20:50:07,895 [main] INFO  es.ciudadescolar.util.XmlManager         - Se ha validado el fichero con exito: cine_MarioMendoza.xml
2025-11-16 20:52:02,207 [main] INFO  es.ciudadescolar.Main                    - Contenido: Cine [cine=Cinesa La Gavia, pais=EE.UU, titulo=Aquellas Juergas Universitarias]
2025-11-16 20:52:02,214 [main] INFO  es.ciudadescolar.Main                    - Contenido: Cine [cine=Cinesa La Gavia, pais=EE.UU, titulo=El Rey Leónidas y 300 espartanos]
2025-11-16 20:52:02,215 [main] INFO  es.ciudadescolar.Main                    - Contenido: Cine [cine=Cinesa La Gavia, pais=EE.UU, titulo=En busca de la felicidad]
2025-11-16 20:52:02,215 [main] INFO  es.ciudadescolar.Main                    - Contenido: Cine [cine=Cinesa La Gavia, pais=EE.UU, titulo=Las Hermanas Bolena]
2025-11-16 20:52:02,215 [main] INFO  es.ciudadescolar.Main                    - Contenido: Cine [cine=Cinesa La Gavia, pais=EE.UU, titulo=Historia del Juguete]
2025-11-16 20:52:02,303 [main] INFO  es.ciudadescolar.Main                    - El fichero se genero con exito: C:\Users\mario\DAM2\AADD\A1\Examenes\Examen 22-23 (XML y JSON)-20251116\examen_22_23\cine_MarioMendoza.xml
2025-11-16 20:52:02,308 [main] INFO  es.ciudadescolar.util.XmlManager         - Se ha validado el fichero con exito: cine_MarioMendoza.xml
2025-11-16 20:52:02,671 [main] INFO  es.ciudadescolar.Main                    - El fichero se genero con exito: C:\Users\mario\DAM2\AADD\A1\Examenes\Examen 22-23 (XML y JSON)-20251116\examen_22_23\cine_MarioMendoza.json
2025-11-16 20:53:32,112 [main] INFO  es.ciudadescolar.Main                    - Contenido: Cine [cine=Cinesa La Gavia, pais=EE.UU, titulo=Aquellas Juergas Universitarias]
2025-11-16 20:53:32,117 [main] INFO  es.ciudadescolar.Main                    - Contenido: Cine [cine=Cinesa La Gavia, pais=EE.UU, titulo=El Rey Leónidas y 300 espartanos]
2025-11-16 20:53:32,118 [main] INFO  es.ciudadescolar.Main                    - Contenido: Cine [cine=Cinesa La Gavia, pais=EE.UU, titulo=En busca de la felicidad]
2025-11-16 20:53:32,118 [main] INFO  es.ciudadescolar.Main                    - Contenido: Cine [cine=Cinesa La Gavia, pais=EE.UU, titulo=Las Hermanas Bolena]
2025-11-16 20:53:32,118 [main] INFO  es.ciudadescolar.Main                    - Contenido: Cine [cine=Cinesa La Gavia, pais=EE.UU, titulo=Historia del Juguete]
2025-11-16 20:53:32,213 [main] INFO  es.ciudadescolar.Main                    - El fichero se genero con exito: C:\Users\mario\DAM2\AADD\A1\Examenes\Examen 22-23 (XML y JSON)-20251116\examen_22_23\cine_MarioMendoza.xml
2025-11-16 20:53:32,217 [main] INFO  es.ciudadescolar.util.XmlManager         - Se ha validado el fichero con exito: cine_MarioMendoza.xml
2025-11-16 20:55:44,763 [main] INFO  es.ciudadescolar.Main                    - Contenido: Cine [cine=Cinesa La Gavia, pais=EE.UU, titulo=Aquellas Juergas Universitarias]
2025-11-16 20:55:44,773 [main] INFO  es.ciudadescolar.Main                    - Contenido: Cine [cine=Cinesa La Gavia, pais=EE.UU, titulo=El Rey Leónidas y 300 espartanos]
2025-11-16 20:55:44,774 [main] INFO  es.ciudadescolar.Main                    - Contenido: Cine [cine=Cinesa La Gavia, pais=EE.UU, titulo=En busca de la felicidad]
2025-11-16 20:55:44,774 [main] INFO  es.ciudadescolar.Main                    - Contenido: Cine [cine=Cinesa La Gavia, pais=EE.UU, titulo=Las Hermanas Bolena]
2025-11-16 20:55:44,775 [main] INFO  es.ciudadescolar.Main                    - Contenido: Cine [cine=Cinesa La Gavia, pais=EE.UU, titulo=Historia del Juguete]
2025-11-16 20:55:44,870 [main] INFO  es.ciudadescolar.Main                    - El fichero se genero con exito: C:\Users\mario\DAM2\AADD\A1\Examenes\Examen 22-23 (XML y JSON)-20251116\examen_22_23\cine_MarioMendoza.xml
2025-11-16 20:55:44,876 [main] INFO  es.ciudadescolar.util.XmlManager         - Se ha validado el fichero con exito: cine_MarioMendoza.xml
2025-11-16 20:55:45,238 [main] INFO  es.ciudadescolar.Main                    - El fichero se genero con exito: C:\Users\mario\DAM2\AADD\A1\Examenes\Examen 22-23 (XML y JSON)-20251116\examen_22_23\cine_MarioMendoza.json
2025-11-16 20:57:21,260 [main] INFO  es.ciudadescolar.Main                    - Contenido: Cine [cine=Cinesa La Gavia, pais=EE.UU, titulo=Aquellas Juergas Universitarias]
2025-11-16 20:57:21,266 [main] INFO  es.ciudadescolar.Main                    - Contenido: Cine [cine=Cinesa La Gavia, pais=EE.UU, titulo=El Rey Leónidas y 300 espartanos]
2025-11-16 20:57:21,267 [main] INFO  es.ciudadescolar.Main                    - Contenido: Cine [cine=Cinesa La Gavia, pais=EE.UU, titulo=En busca de la felicidad]
2025-11-16 20:57:21,267 [main] INFO  es.ciudadescolar.Main                    - Contenido: Cine [cine=Cinesa La Gavia, pais=EE.UU, titulo=Las Hermanas Bolena]
2025-11-16 20:57:21,267 [main] INFO  es.ciudadescolar.Main                    - Contenido: Cine [cine=Cinesa La Gavia, pais=EE.UU, titulo=Historia del Juguete]
2025-11-16 20:57:21,362 [main] INFO  es.ciudadescolar.Main                    - El fichero se genero con exito: C:\Users\mario\DAM2\AADD\A1\Examenes\Examen 22-23 (XML y JSON)-20251116\examen_22_23\cine_MarioMendoza.xml
2025-11-16 20:57:21,369 [main] INFO  es.ciudadescolar.util.XmlManager         - Se ha validado el fichero con exito: cine_MarioMendoza.xml
2025-11-16 20:57:21,750 [main] INFO  es.ciudadescolar.Main                    - El fichero se genero con exito: C:\Users\mario\DAM2\AADD\A1\Examenes\Examen 22-23 (XML y JSON)-20251116\examen_22_23\cine_MarioMendoza.json
2025-11-16 21:14:32,848 [main] INFO  es.ciudadescolar.Main                    - Contenido: Cine [cine=Cinesa La Gavia, pais=EE.UU, titulo=Aquellas Juergas Universitarias]
2025-11-16 21:14:32,856 [main] INFO  es.ciudadescolar.Main                    - Contenido: Cine [cine=Cinesa La Gavia, pais=EE.UU, titulo=El Rey Leónidas y 300 espartanos]
2025-11-16 21:14:32,858 [main] INFO  es.ciudadescolar.Main                    - Contenido: Cine [cine=Cinesa La Gavia, pais=EE.UU, titulo=En busca de la felicidad]
2025-11-16 21:14:32,858 [main] INFO  es.ciudadescolar.Main                    - Contenido: Cine [cine=Cinesa La Gavia, pais=EE.UU, titulo=Las Hermanas Bolena]
2025-11-16 21:14:32,858 [main] INFO  es.ciudadescolar.Main                    - Contenido: Cine [cine=Cinesa La Gavia, pais=EE.UU, titulo=Historia del Juguete]
2025-11-16 21:14:33,014 [main] INFO  es.ciudadescolar.Main                    - El fichero se genero con exito: C:\Users\mario\DAM2\AADD\A1\Examenes\Examen 22-23 (XML y JSON)-20251116\examen_22_23\cine_MarioMendoza.xml
2025-11-16 21:14:33,504 [main] INFO  es.ciudadescolar.Main                    - El fichero se genero con exito: C:\Users\mario\DAM2\AADD\A1\Examenes\Examen 22-23 (XML y JSON)-20251116\examen_22_23\cine_MarioMendoza.json
2025-11-16 21:17:17,324 [main] INFO  es.ciudadescolar.Main                    - Contenido: Cine [cine=Cinesa La Gavia, pais=EE.UU, titulo=Aquellas Juergas Universitarias]
2025-11-16 21:17:17,333 [main] INFO  es.ciudadescolar.Main                    - Contenido: Cine [cine=Cinesa La Gavia, pais=EE.UU, titulo=El Rey Leónidas y 300 espartanos]
2025-11-16 21:17:17,333 [main] INFO  es.ciudadescolar.Main                    - Contenido: Cine [cine=Cinesa La Gavia, pais=EE.UU, titulo=En busca de la felicidad]
2025-11-16 21:17:17,333 [main] INFO  es.ciudadescolar.Main                    - Contenido: Cine [cine=Cinesa La Gavia, pais=EE.UU, titulo=Las Hermanas Bolena]
2025-11-16 21:17:17,333 [main] INFO  es.ciudadescolar.Main                    - Contenido: Cine [cine=Cinesa La Gavia, pais=EE.UU, titulo=Historia del Juguete]
2025-11-16 21:17:17,441 [main] INFO  es.ciudadescolar.Main                    - El fichero se genero con exito: C:\Users\mario\DAM2\AADD\A1\Examenes\Examen 22-23 (XML y JSON)-20251116\examen_22_23\cine_MarioMendoza.xml
2025-11-16 21:17:17,802 [main] INFO  es.ciudadescolar.Main                    - El fichero se genero con exito: C:\Users\mario\DAM2\AADD\A1\Examenes\Examen 22-23 (XML y JSON)-20251116\examen_22_23\cine_MarioMendoza.json
